2023-12-11 14:54:06,511 [Worker-6: Loading available Gradle versions] INFO  o.e.b.c.i.u.g.PublishedGradleVersions - Gradle version information cache is up-to-date. Trying to read.
2023-12-11 14:54:58,662 [Worker-3: Building] WARN  o.e.m.c.i.embedder.EclipseLogger - Using platform encoding (Cp1252 actually) to copy filtered resources, i.e. build is platform dependent!
2023-12-11 14:54:58,675 [Worker-3: Building] INFO  o.e.m.c.i.embedder.EclipseLogger - skip non existing resourceDirectory C:\Users\Admin\Documents\LuanSu\CNTT\HK5\Web\Project\back-up\Web_My_Pham\Selling\src\main\resources
2023-12-11 14:54:58,679 [Worker-3: Building] WARN  o.e.m.c.i.embedder.EclipseLogger - Using platform encoding (Cp1252 actually) to copy filtered resources, i.e. build is platform dependent!
2023-12-11 14:54:58,682 [Worker-3: Building] INFO  o.e.m.c.i.embedder.EclipseLogger - skip non existing resourceDirectory C:\Users\Admin\Documents\LuanSu\CNTT\HK5\Web\Project\back-up\Web_My_Pham\Selling\src\test\resources
2023-12-11 14:55:49,286 [Worker-24: Building] WARN  o.e.m.c.i.embedder.EclipseLogger - Using platform encoding (Cp1252 actually) to copy filtered resources, i.e. build is platform dependent!
2023-12-11 14:55:49,290 [Worker-24: Building] INFO  o.e.m.c.i.embedder.EclipseLogger - skip non existing resourceDirectory C:\Users\Admin\Documents\LuanSu\CNTT\HK5\Web\Project\back-up\Web_My_Pham\Selling\src\main\resources
2023-12-11 14:55:49,291 [Worker-24: Building] WARN  o.e.m.c.i.embedder.EclipseLogger - Using platform encoding (Cp1252 actually) to copy filtered resources, i.e. build is platform dependent!
2023-12-11 14:55:49,292 [Worker-24: Building] INFO  o.e.m.c.i.embedder.EclipseLogger - skip non existing resourceDirectory C:\Users\Admin\Documents\LuanSu\CNTT\HK5\Web\Project\back-up\Web_My_Pham\Selling\src\test\resources
2023-12-11 15:00:34,518 [Worker-13: Building] WARN  o.e.m.c.i.embedder.EclipseLogger - Using platform encoding (Cp1252 actually) to copy filtered resources, i.e. build is platform dependent!
2023-12-11 15:00:34,521 [Worker-13: Building] INFO  o.e.m.c.i.embedder.EclipseLogger - skip non existing resourceDirectory C:\Users\Admin\Documents\LuanSu\CNTT\HK5\Web\Project\back-up\Web_My_Pham\Selling\src\main\resources
2023-12-11 15:00:34,524 [Worker-13: Building] WARN  o.e.m.c.i.embedder.EclipseLogger - Using platform encoding (Cp1252 actually) to copy filtered resources, i.e. build is platform dependent!
2023-12-11 15:00:34,526 [Worker-13: Building] INFO  o.e.m.c.i.embedder.EclipseLogger - skip non existing resourceDirectory C:\Users\Admin\Documents\LuanSu\CNTT\HK5\Web\Project\back-up\Web_My_Pham\Selling\src\test\resources
2023-12-11 15:00:58,293 [Worker-13: Building] WARN  o.e.m.c.i.embedder.EclipseLogger - Using platform encoding (Cp1252 actually) to copy filtered resources, i.e. build is platform dependent!
2023-12-11 15:00:58,293 [Worker-13: Building] INFO  o.e.m.c.i.embedder.EclipseLogger - skip non existing resourceDirectory C:\Users\Admin\Documents\LuanSu\CNTT\HK5\Web\Project\back-up\Web_My_Pham\Selling\src\main\resources
2023-12-11 15:00:58,293 [Worker-13: Building] WARN  o.e.m.c.i.embedder.EclipseLogger - Using platform encoding (Cp1252 actually) to copy filtered resources, i.e. build is platform dependent!
2023-12-11 15:00:58,293 [Worker-13: Building] INFO  o.e.m.c.i.embedder.EclipseLogger - skip non existing resourceDirectory C:\Users\Admin\Documents\LuanSu\CNTT\HK5\Web\Project\back-up\Web_My_Pham\Selling\src\test\resources
2023-12-11 15:01:40,110 [Worker-17: Building] WARN  o.e.m.c.i.embedder.EclipseLogger - Using platform encoding (Cp1252 actually) to copy filtered resources, i.e. build is platform dependent!
2023-12-11 15:01:40,111 [Worker-17: Building] INFO  o.e.m.c.i.embedder.EclipseLogger - skip non existing resourceDirectory C:\Users\Admin\Documents\LuanSu\CNTT\HK5\Web\Project\back-up\Web_My_Pham\Selling\src\main\resources
2023-12-11 15:01:40,113 [Worker-17: Building] WARN  o.e.m.c.i.embedder.EclipseLogger - Using platform encoding (Cp1252 actually) to copy filtered resources, i.e. build is platform dependent!
2023-12-11 15:01:40,114 [Worker-17: Building] INFO  o.e.m.c.i.embedder.EclipseLogger - skip non existing resourceDirectory C:\Users\Admin\Documents\LuanSu\CNTT\HK5\Web\Project\back-up\Web_My_Pham\Selling\src\test\resources
2023-12-11 15:02:05,907 [Worker-30: Building] WARN  o.e.m.c.i.embedder.EclipseLogger - Using platform encoding (Cp1252 actually) to copy filtered resources, i.e. build is platform dependent!
2023-12-11 15:02:05,908 [Worker-30: Building] INFO  o.e.m.c.i.embedder.EclipseLogger - skip non existing resourceDirectory C:\Users\Admin\Documents\LuanSu\CNTT\HK5\Web\Project\back-up\Web_My_Pham\Selling\src\main\resources
2023-12-11 15:02:05,909 [Worker-30: Building] WARN  o.e.m.c.i.embedder.EclipseLogger - Using platform encoding (Cp1252 actually) to copy filtered resources, i.e. build is platform dependent!
2023-12-11 15:02:05,910 [Worker-30: Building] INFO  o.e.m.c.i.embedder.EclipseLogger - skip non existing resourceDirectory C:\Users\Admin\Documents\LuanSu\CNTT\HK5\Web\Project\back-up\Web_My_Pham\Selling\src\test\resources
2023-12-11 15:02:12,674 [Worker-30: Building] WARN  o.e.m.c.i.embedder.EclipseLogger - Using platform encoding (Cp1252 actually) to copy filtered resources, i.e. build is platform dependent!
2023-12-11 15:02:12,676 [Worker-30: Building] INFO  o.e.m.c.i.embedder.EclipseLogger - skip non existing resourceDirectory C:\Users\Admin\Documents\LuanSu\CNTT\HK5\Web\Project\back-up\Web_My_Pham\Selling\src\main\resources
2023-12-11 15:02:12,678 [Worker-30: Building] WARN  o.e.m.c.i.embedder.EclipseLogger - Using platform encoding (Cp1252 actually) to copy filtered resources, i.e. build is platform dependent!
2023-12-11 15:02:12,679 [Worker-30: Building] INFO  o.e.m.c.i.embedder.EclipseLogger - skip non existing resourceDirectory C:\Users\Admin\Documents\LuanSu\CNTT\HK5\Web\Project\back-up\Web_My_Pham\Selling\src\test\resources
2023-12-11 15:02:17,749 [Worker-32: Building] WARN  o.e.m.c.i.embedder.EclipseLogger - Using platform encoding (Cp1252 actually) to copy filtered resources, i.e. build is platform dependent!
2023-12-11 15:02:17,750 [Worker-32: Building] INFO  o.e.m.c.i.embedder.EclipseLogger - skip non existing resourceDirectory C:\Users\Admin\Documents\LuanSu\CNTT\HK5\Web\Project\back-up\Web_My_Pham\Selling\src\main\resources
2023-12-11 15:02:17,753 [Worker-32: Building] WARN  o.e.m.c.i.embedder.EclipseLogger - Using platform encoding (Cp1252 actually) to copy filtered resources, i.e. build is platform dependent!
2023-12-11 15:02:17,754 [Worker-32: Building] INFO  o.e.m.c.i.embedder.EclipseLogger - skip non existing resourceDirectory C:\Users\Admin\Documents\LuanSu\CNTT\HK5\Web\Project\back-up\Web_My_Pham\Selling\src\test\resources
2023-12-11 15:03:31,658 [Worker-13: Building] WARN  o.e.m.c.i.embedder.EclipseLogger - Using platform encoding (Cp1252 actually) to copy filtered resources, i.e. build is platform dependent!
2023-12-11 15:03:31,659 [Worker-13: Building] INFO  o.e.m.c.i.embedder.EclipseLogger - skip non existing resourceDirectory C:\Users\Admin\Documents\LuanSu\CNTT\HK5\Web\Project\back-up\Web_My_Pham\Selling\src\main\resources
2023-12-11 15:03:31,661 [Worker-13: Building] WARN  o.e.m.c.i.embedder.EclipseLogger - Using platform encoding (Cp1252 actually) to copy filtered resources, i.e. build is platform dependent!
2023-12-11 15:03:31,663 [Worker-13: Building] INFO  o.e.m.c.i.embedder.EclipseLogger - skip non existing resourceDirectory C:\Users\Admin\Documents\LuanSu\CNTT\HK5\Web\Project\back-up\Web_My_Pham\Selling\src\test\resources
2023-12-11 15:03:38,268 [Worker-13: Building] WARN  o.e.m.c.i.embedder.EclipseLogger - Using platform encoding (Cp1252 actually) to copy filtered resources, i.e. build is platform dependent!
2023-12-11 15:03:38,269 [Worker-13: Building] INFO  o.e.m.c.i.embedder.EclipseLogger - skip non existing resourceDirectory C:\Users\Admin\Documents\LuanSu\CNTT\HK5\Web\Project\back-up\Web_My_Pham\Selling\src\main\resources
2023-12-11 15:03:38,271 [Worker-13: Building] WARN  o.e.m.c.i.embedder.EclipseLogger - Using platform encoding (Cp1252 actually) to copy filtered resources, i.e. build is platform dependent!
2023-12-11 15:03:38,272 [Worker-13: Building] INFO  o.e.m.c.i.embedder.EclipseLogger - skip non existing resourceDirectory C:\Users\Admin\Documents\LuanSu\CNTT\HK5\Web\Project\back-up\Web_My_Pham\Selling\src\test\resources
2023-12-11 15:04:14,877 [Worker-5: Building] WARN  o.e.m.c.i.embedder.EclipseLogger - Using platform encoding (Cp1252 actually) to copy filtered resources, i.e. build is platform dependent!
2023-12-11 15:04:14,877 [Worker-5: Building] INFO  o.e.m.c.i.embedder.EclipseLogger - skip non existing resourceDirectory C:\Users\Admin\Documents\LuanSu\CNTT\HK5\Web\Project\back-up\Web_My_Pham\Selling\src\main\resources
2023-12-11 15:04:14,877 [Worker-5: Building] WARN  o.e.m.c.i.embedder.EclipseLogger - Using platform encoding (Cp1252 actually) to copy filtered resources, i.e. build is platform dependent!
2023-12-11 15:04:14,877 [Worker-5: Building] INFO  o.e.m.c.i.embedder.EclipseLogger - skip non existing resourceDirectory C:\Users\Admin\Documents\LuanSu\CNTT\HK5\Web\Project\back-up\Web_My_Pham\Selling\src\test\resources
2023-12-11 15:04:16,914 [Worker-17: Building] WARN  o.e.m.c.i.embedder.EclipseLogger - Using platform encoding (Cp1252 actually) to copy filtered resources, i.e. build is platform dependent!
2023-12-11 15:04:16,915 [Worker-17: Building] INFO  o.e.m.c.i.embedder.EclipseLogger - skip non existing resourceDirectory C:\Users\Admin\Documents\LuanSu\CNTT\HK5\Web\Project\back-up\Web_My_Pham\Selling\src\main\resources
2023-12-11 15:04:16,917 [Worker-17: Building] WARN  o.e.m.c.i.embedder.EclipseLogger - Using platform encoding (Cp1252 actually) to copy filtered resources, i.e. build is platform dependent!
2023-12-11 15:04:16,919 [Worker-17: Building] INFO  o.e.m.c.i.embedder.EclipseLogger - skip non existing resourceDirectory C:\Users\Admin\Documents\LuanSu\CNTT\HK5\Web\Project\back-up\Web_My_Pham\Selling\src\test\resources
2023-12-11 15:07:33,849 [Worker-32: Building] WARN  o.e.m.c.i.embedder.EclipseLogger - Using platform encoding (Cp1252 actually) to copy filtered resources, i.e. build is platform dependent!
2023-12-11 15:07:33,850 [Worker-32: Building] INFO  o.e.m.c.i.embedder.EclipseLogger - skip non existing resourceDirectory C:\Users\Admin\Documents\LuanSu\CNTT\HK5\Web\Project\back-up\Web_My_Pham\Selling\src\main\resources
2023-12-11 15:07:33,851 [Worker-32: Building] WARN  o.e.m.c.i.embedder.EclipseLogger - Using platform encoding (Cp1252 actually) to copy filtered resources, i.e. build is platform dependent!
2023-12-11 15:07:33,852 [Worker-32: Building] INFO  o.e.m.c.i.embedder.EclipseLogger - skip non existing resourceDirectory C:\Users\Admin\Documents\LuanSu\CNTT\HK5\Web\Project\back-up\Web_My_Pham\Selling\src\test\resources
2023-12-11 15:07:41,763 [Worker-32: Building] WARN  o.e.m.c.i.embedder.EclipseLogger - Using platform encoding (Cp1252 actually) to copy filtered resources, i.e. build is platform dependent!
2023-12-11 15:07:41,765 [Worker-32: Building] INFO  o.e.m.c.i.embedder.EclipseLogger - skip non existing resourceDirectory C:\Users\Admin\Documents\LuanSu\CNTT\HK5\Web\Project\back-up\Web_My_Pham\Selling\src\main\resources
2023-12-11 15:07:41,767 [Worker-32: Building] WARN  o.e.m.c.i.embedder.EclipseLogger - Using platform encoding (Cp1252 actually) to copy filtered resources, i.e. build is platform dependent!
2023-12-11 15:07:41,768 [Worker-32: Building] INFO  o.e.m.c.i.embedder.EclipseLogger - skip non existing resourceDirectory C:\Users\Admin\Documents\LuanSu\CNTT\HK5\Web\Project\back-up\Web_My_Pham\Selling\src\test\resources
2023-12-11 15:10:16,436 [Worker-32: Building] WARN  o.e.m.c.i.embedder.EclipseLogger - Using platform encoding (Cp1252 actually) to copy filtered resources, i.e. build is platform dependent!
2023-12-11 15:10:16,439 [Worker-32: Building] INFO  o.e.m.c.i.embedder.EclipseLogger - skip non existing resourceDirectory C:\Users\Admin\Documents\LuanSu\CNTT\HK5\Web\Project\back-up\Web_My_Pham\Selling\src\main\resources
2023-12-11 15:10:16,445 [Worker-32: Building] WARN  o.e.m.c.i.embedder.EclipseLogger - Using platform encoding (Cp1252 actually) to copy filtered resources, i.e. build is platform dependent!
2023-12-11 15:10:16,448 [Worker-32: Building] INFO  o.e.m.c.i.embedder.EclipseLogger - skip non existing resourceDirectory C:\Users\Admin\Documents\LuanSu\CNTT\HK5\Web\Project\back-up\Web_My_Pham\Selling\src\test\resources
2023-12-11 15:10:48,777 [Worker-4: Loading available Gradle versions] INFO  o.e.b.c.i.u.g.PublishedGradleVersions - Gradle version information cache is up-to-date. Trying to read.
2023-12-11 15:10:52,865 [Worker-6: Building] WARN  o.e.m.c.i.embedder.EclipseLogger - Using platform encoding (Cp1252 actually) to copy filtered resources, i.e. build is platform dependent!
2023-12-11 15:10:52,866 [Worker-6: Building] INFO  o.e.m.c.i.embedder.EclipseLogger - skip non existing resourceDirectory C:\Users\Admin\Documents\LuanSu\CNTT\HK5\Web\Project\back-up\Web_My_Pham\Selling\src\main\resources
2023-12-11 15:10:52,868 [Worker-6: Building] WARN  o.e.m.c.i.embedder.EclipseLogger - Using platform encoding (Cp1252 actually) to copy filtered resources, i.e. build is platform dependent!
2023-12-11 15:10:52,869 [Worker-6: Building] INFO  o.e.m.c.i.embedder.EclipseLogger - skip non existing resourceDirectory C:\Users\Admin\Documents\LuanSu\CNTT\HK5\Web\Project\back-up\Web_My_Pham\Selling\src\test\resources
2023-12-11 15:13:11,442 [Worker-23: Building] WARN  o.e.m.c.i.embedder.EclipseLogger - Using platform encoding (Cp1252 actually) to copy filtered resources, i.e. build is platform dependent!
2023-12-11 15:13:11,447 [Worker-23: Building] INFO  o.e.m.c.i.embedder.EclipseLogger - skip non existing resourceDirectory C:\Users\Admin\Documents\LuanSu\CNTT\HK5\Web\Project\back-up\Web_My_Pham\Selling\src\main\resources
2023-12-11 15:13:11,449 [Worker-23: Building] WARN  o.e.m.c.i.embedder.EclipseLogger - Using platform encoding (Cp1252 actually) to copy filtered resources, i.e. build is platform dependent!
2023-12-11 15:13:11,451 [Worker-23: Building] INFO  o.e.m.c.i.embedder.EclipseLogger - skip non existing resourceDirectory C:\Users\Admin\Documents\LuanSu\CNTT\HK5\Web\Project\back-up\Web_My_Pham\Selling\src\test\resources
2023-12-11 15:18:43,588 [Worker-32: Building] WARN  o.e.m.c.i.embedder.EclipseLogger - Using platform encoding (Cp1252 actually) to copy filtered resources, i.e. build is platform dependent!
2023-12-11 15:18:43,590 [Worker-32: Building] INFO  o.e.m.c.i.embedder.EclipseLogger - skip non existing resourceDirectory C:\Users\Admin\Documents\LuanSu\CNTT\HK5\Web\Project\back-up\Web_My_Pham\Selling\src\main\resources
2023-12-11 15:18:43,592 [Worker-32: Building] WARN  o.e.m.c.i.embedder.EclipseLogger - Using platform encoding (Cp1252 actually) to copy filtered resources, i.e. build is platform dependent!
2023-12-11 15:18:43,594 [Worker-32: Building] INFO  o.e.m.c.i.embedder.EclipseLogger - skip non existing resourceDirectory C:\Users\Admin\Documents\LuanSu\CNTT\HK5\Web\Project\back-up\Web_My_Pham\Selling\src\test\resources
2023-12-11 15:24:40,031 [Worker-18: Building] WARN  o.e.m.c.i.embedder.EclipseLogger - Using platform encoding (Cp1252 actually) to copy filtered resources, i.e. build is platform dependent!
2023-12-11 15:24:40,034 [Worker-18: Building] INFO  o.e.m.c.i.embedder.EclipseLogger - skip non existing resourceDirectory C:\Users\Admin\Documents\LuanSu\CNTT\HK5\Web\Project\back-up\Web_My_Pham\Selling\src\main\resources
2023-12-11 15:24:40,037 [Worker-18: Building] WARN  o.e.m.c.i.embedder.EclipseLogger - Using platform encoding (Cp1252 actually) to copy filtered resources, i.e. build is platform dependent!
2023-12-11 15:24:40,040 [Worker-18: Building] INFO  o.e.m.c.i.embedder.EclipseLogger - skip non existing resourceDirectory C:\Users\Admin\Documents\LuanSu\CNTT\HK5\Web\Project\back-up\Web_My_Pham\Selling\src\test\resources
2023-12-11 15:24:45,432 [Worker-18: Building] WARN  o.e.m.c.i.embedder.EclipseLogger - Using platform encoding (Cp1252 actually) to copy filtered resources, i.e. build is platform dependent!
2023-12-11 15:24:45,434 [Worker-18: Building] INFO  o.e.m.c.i.embedder.EclipseLogger - skip non existing resourceDirectory C:\Users\Admin\Documents\LuanSu\CNTT\HK5\Web\Project\back-up\Web_My_Pham\Selling\src\main\resources
2023-12-11 15:24:45,435 [Worker-18: Building] WARN  o.e.m.c.i.embedder.EclipseLogger - Using platform encoding (Cp1252 actually) to copy filtered resources, i.e. build is platform dependent!
2023-12-11 15:24:45,437 [Worker-18: Building] INFO  o.e.m.c.i.embedder.EclipseLogger - skip non existing resourceDirectory C:\Users\Admin\Documents\LuanSu\CNTT\HK5\Web\Project\back-up\Web_My_Pham\Selling\src\test\resources
2023-12-11 15:26:35,404 [Worker-30: Building] WARN  o.e.m.c.i.embedder.EclipseLogger - Using platform encoding (Cp1252 actually) to copy filtered resources, i.e. build is platform dependent!
2023-12-11 15:26:35,407 [Worker-30: Building] INFO  o.e.m.c.i.embedder.EclipseLogger - skip non existing resourceDirectory C:\Users\Admin\Documents\LuanSu\CNTT\HK5\Web\Project\back-up\Web_My_Pham\Selling\src\main\resources
2023-12-11 15:26:35,409 [Worker-30: Building] WARN  o.e.m.c.i.embedder.EclipseLogger - Using platform encoding (Cp1252 actually) to copy filtered resources, i.e. build is platform dependent!
2023-12-11 15:26:35,411 [Worker-30: Building] INFO  o.e.m.c.i.embedder.EclipseLogger - skip non existing resourceDirectory C:\Users\Admin\Documents\LuanSu\CNTT\HK5\Web\Project\back-up\Web_My_Pham\Selling\src\test\resources
2023-12-11 15:28:25,712 [Worker-40: Building] WARN  o.e.m.c.i.embedder.EclipseLogger - Using platform encoding (Cp1252 actually) to copy filtered resources, i.e. build is platform dependent!
2023-12-11 15:28:25,714 [Worker-40: Building] INFO  o.e.m.c.i.embedder.EclipseLogger - skip non existing resourceDirectory C:\Users\Admin\Documents\LuanSu\CNTT\HK5\Web\Project\back-up\Web_My_Pham\Selling\src\main\resources
2023-12-11 15:28:25,715 [Worker-40: Building] WARN  o.e.m.c.i.embedder.EclipseLogger - Using platform encoding (Cp1252 actually) to copy filtered resources, i.e. build is platform dependent!
2023-12-11 15:28:25,717 [Worker-40: Building] INFO  o.e.m.c.i.embedder.EclipseLogger - skip non existing resourceDirectory C:\Users\Admin\Documents\LuanSu\CNTT\HK5\Web\Project\back-up\Web_My_Pham\Selling\src\test\resources
2023-12-11 15:29:51,420 [Worker-18: Building] WARN  o.e.m.c.i.embedder.EclipseLogger - Using platform encoding (Cp1252 actually) to copy filtered resources, i.e. build is platform dependent!
2023-12-11 15:29:51,422 [Worker-18: Building] INFO  o.e.m.c.i.embedder.EclipseLogger - skip non existing resourceDirectory C:\Users\Admin\Documents\LuanSu\CNTT\HK5\Web\Project\back-up\Web_My_Pham\Selling\src\main\resources
2023-12-11 15:29:51,426 [Worker-18: Building] WARN  o.e.m.c.i.embedder.EclipseLogger - Using platform encoding (Cp1252 actually) to copy filtered resources, i.e. build is platform dependent!
2023-12-11 15:29:51,427 [Worker-18: Building] INFO  o.e.m.c.i.embedder.EclipseLogger - skip non existing resourceDirectory C:\Users\Admin\Documents\LuanSu\CNTT\HK5\Web\Project\back-up\Web_My_Pham\Selling\src\test\resources
2023-12-11 15:30:02,965 [Worker-18: Building] WARN  o.e.m.c.i.embedder.EclipseLogger - Using platform encoding (Cp1252 actually) to copy filtered resources, i.e. build is platform dependent!
2023-12-11 15:30:02,966 [Worker-18: Building] INFO  o.e.m.c.i.embedder.EclipseLogger - skip non existing resourceDirectory C:\Users\Admin\Documents\LuanSu\CNTT\HK5\Web\Project\back-up\Web_My_Pham\Selling\src\main\resources
2023-12-11 15:30:02,967 [Worker-18: Building] WARN  o.e.m.c.i.embedder.EclipseLogger - Using platform encoding (Cp1252 actually) to copy filtered resources, i.e. build is platform dependent!
2023-12-11 15:30:02,969 [Worker-18: Building] INFO  o.e.m.c.i.embedder.EclipseLogger - skip non existing resourceDirectory C:\Users\Admin\Documents\LuanSu\CNTT\HK5\Web\Project\back-up\Web_My_Pham\Selling\src\test\resources
2023-12-11 15:31:26,102 [Worker-40: Building] WARN  o.e.m.c.i.embedder.EclipseLogger - Using platform encoding (Cp1252 actually) to copy filtered resources, i.e. build is platform dependent!
2023-12-11 15:31:26,104 [Worker-40: Building] INFO  o.e.m.c.i.embedder.EclipseLogger - skip non existing resourceDirectory C:\Users\Admin\Documents\LuanSu\CNTT\HK5\Web\Project\back-up\Web_My_Pham\Selling\src\main\resources
2023-12-11 15:31:26,106 [Worker-40: Building] WARN  o.e.m.c.i.embedder.EclipseLogger - Using platform encoding (Cp1252 actually) to copy filtered resources, i.e. build is platform dependent!
2023-12-11 15:31:26,107 [Worker-40: Building] INFO  o.e.m.c.i.embedder.EclipseLogger - skip non existing resourceDirectory C:\Users\Admin\Documents\LuanSu\CNTT\HK5\Web\Project\back-up\Web_My_Pham\Selling\src\test\resources
2023-12-11 15:32:02,283 [Worker-42: Building] WARN  o.e.m.c.i.embedder.EclipseLogger - Using platform encoding (Cp1252 actually) to copy filtered resources, i.e. build is platform dependent!
2023-12-11 15:32:02,285 [Worker-42: Building] INFO  o.e.m.c.i.embedder.EclipseLogger - skip non existing resourceDirectory C:\Users\Admin\Documents\LuanSu\CNTT\HK5\Web\Project\back-up\Web_My_Pham\Selling\src\main\resources
2023-12-11 15:32:02,286 [Worker-42: Building] WARN  o.e.m.c.i.embedder.EclipseLogger - Using platform encoding (Cp1252 actually) to copy filtered resources, i.e. build is platform dependent!
2023-12-11 15:32:02,287 [Worker-42: Building] INFO  o.e.m.c.i.embedder.EclipseLogger - skip non existing resourceDirectory C:\Users\Admin\Documents\LuanSu\CNTT\HK5\Web\Project\back-up\Web_My_Pham\Selling\src\test\resources
2023-12-11 15:32:45,765 [Worker-43: Building] WARN  o.e.m.c.i.embedder.EclipseLogger - Using platform encoding (Cp1252 actually) to copy filtered resources, i.e. build is platform dependent!
2023-12-11 15:32:45,768 [Worker-43: Building] INFO  o.e.m.c.i.embedder.EclipseLogger - skip non existing resourceDirectory C:\Users\Admin\Documents\LuanSu\CNTT\HK5\Web\Project\back-up\Web_My_Pham\Selling\src\main\resources
2023-12-11 15:32:45,769 [Worker-43: Building] WARN  o.e.m.c.i.embedder.EclipseLogger - Using platform encoding (Cp1252 actually) to copy filtered resources, i.e. build is platform dependent!
2023-12-11 15:32:45,771 [Worker-43: Building] INFO  o.e.m.c.i.embedder.EclipseLogger - skip non existing resourceDirectory C:\Users\Admin\Documents\LuanSu\CNTT\HK5\Web\Project\back-up\Web_My_Pham\Selling\src\test\resources
2023-12-11 15:34:29,234 [Worker-41: Building] WARN  o.e.m.c.i.embedder.EclipseLogger - Using platform encoding (Cp1252 actually) to copy filtered resources, i.e. build is platform dependent!
2023-12-11 15:34:29,235 [Worker-41: Building] INFO  o.e.m.c.i.embedder.EclipseLogger - skip non existing resourceDirectory C:\Users\Admin\Documents\LuanSu\CNTT\HK5\Web\Project\back-up\Web_My_Pham\Selling\src\main\resources
2023-12-11 15:34:29,237 [Worker-41: Building] WARN  o.e.m.c.i.embedder.EclipseLogger - Using platform encoding (Cp1252 actually) to copy filtered resources, i.e. build is platform dependent!
2023-12-11 15:34:29,238 [Worker-41: Building] INFO  o.e.m.c.i.embedder.EclipseLogger - skip non existing resourceDirectory C:\Users\Admin\Documents\LuanSu\CNTT\HK5\Web\Project\back-up\Web_My_Pham\Selling\src\test\resources
2023-12-11 15:34:35,019 [Worker-44: Building] WARN  o.e.m.c.i.embedder.EclipseLogger - Using platform encoding (Cp1252 actually) to copy filtered resources, i.e. build is platform dependent!
2023-12-11 15:34:35,021 [Worker-44: Building] INFO  o.e.m.c.i.embedder.EclipseLogger - skip non existing resourceDirectory C:\Users\Admin\Documents\LuanSu\CNTT\HK5\Web\Project\back-up\Web_My_Pham\Selling\src\main\resources
2023-12-11 15:34:35,023 [Worker-44: Building] WARN  o.e.m.c.i.embedder.EclipseLogger - Using platform encoding (Cp1252 actually) to copy filtered resources, i.e. build is platform dependent!
2023-12-11 15:34:35,025 [Worker-44: Building] INFO  o.e.m.c.i.embedder.EclipseLogger - skip non existing resourceDirectory C:\Users\Admin\Documents\LuanSu\CNTT\HK5\Web\Project\back-up\Web_My_Pham\Selling\src\test\resources
2023-12-11 15:35:47,294 [Worker-45: Building] WARN  o.e.m.c.i.embedder.EclipseLogger - Using platform encoding (Cp1252 actually) to copy filtered resources, i.e. build is platform dependent!
2023-12-11 15:35:47,295 [Worker-45: Building] INFO  o.e.m.c.i.embedder.EclipseLogger - skip non existing resourceDirectory C:\Users\Admin\Documents\LuanSu\CNTT\HK5\Web\Project\back-up\Web_My_Pham\Selling\src\main\resources
2023-12-11 15:35:47,296 [Worker-45: Building] WARN  o.e.m.c.i.embedder.EclipseLogger - Using platform encoding (Cp1252 actually) to copy filtered resources, i.e. build is platform dependent!
2023-12-11 15:35:47,297 [Worker-45: Building] INFO  o.e.m.c.i.embedder.EclipseLogger - skip non existing resourceDirectory C:\Users\Admin\Documents\LuanSu\CNTT\HK5\Web\Project\back-up\Web_My_Pham\Selling\src\test\resources
2023-12-11 15:36:20,679 [Worker-43: Building] WARN  o.e.m.c.i.embedder.EclipseLogger - Using platform encoding (Cp1252 actually) to copy filtered resources, i.e. build is platform dependent!
2023-12-11 15:36:20,681 [Worker-43: Building] INFO  o.e.m.c.i.embedder.EclipseLogger - skip non existing resourceDirectory C:\Users\Admin\Documents\LuanSu\CNTT\HK5\Web\Project\back-up\Web_My_Pham\Selling\src\main\resources
2023-12-11 15:36:20,684 [Worker-43: Building] WARN  o.e.m.c.i.embedder.EclipseLogger - Using platform encoding (Cp1252 actually) to copy filtered resources, i.e. build is platform dependent!
2023-12-11 15:36:20,686 [Worker-43: Building] INFO  o.e.m.c.i.embedder.EclipseLogger - skip non existing resourceDirectory C:\Users\Admin\Documents\LuanSu\CNTT\HK5\Web\Project\back-up\Web_My_Pham\Selling\src\test\resources
2023-12-11 15:36:39,614 [Worker-43: Building] WARN  o.e.m.c.i.embedder.EclipseLogger - Using platform encoding (Cp1252 actually) to copy filtered resources, i.e. build is platform dependent!
2023-12-11 15:36:39,615 [Worker-43: Building] INFO  o.e.m.c.i.embedder.EclipseLogger - skip non existing resourceDirectory C:\Users\Admin\Documents\LuanSu\CNTT\HK5\Web\Project\back-up\Web_My_Pham\Selling\src\main\resources
2023-12-11 15:36:39,616 [Worker-43: Building] WARN  o.e.m.c.i.embedder.EclipseLogger - Using platform encoding (Cp1252 actually) to copy filtered resources, i.e. build is platform dependent!
2023-12-11 15:36:39,617 [Worker-43: Building] INFO  o.e.m.c.i.embedder.EclipseLogger - skip non existing resourceDirectory C:\Users\Admin\Documents\LuanSu\CNTT\HK5\Web\Project\back-up\Web_My_Pham\Selling\src\test\resources
2023-12-11 15:36:55,253 [Worker-43: Building] WARN  o.e.m.c.i.embedder.EclipseLogger - Using platform encoding (Cp1252 actually) to copy filtered resources, i.e. build is platform dependent!
2023-12-11 15:36:55,255 [Worker-43: Building] INFO  o.e.m.c.i.embedder.EclipseLogger - skip non existing resourceDirectory C:\Users\Admin\Documents\LuanSu\CNTT\HK5\Web\Project\back-up\Web_My_Pham\Selling\src\main\resources
2023-12-11 15:36:55,258 [Worker-43: Building] WARN  o.e.m.c.i.embedder.EclipseLogger - Using platform encoding (Cp1252 actually) to copy filtered resources, i.e. build is platform dependent!
2023-12-11 15:36:55,261 [Worker-43: Building] INFO  o.e.m.c.i.embedder.EclipseLogger - skip non existing resourceDirectory C:\Users\Admin\Documents\LuanSu\CNTT\HK5\Web\Project\back-up\Web_My_Pham\Selling\src\test\resources
2023-12-11 15:36:58,067 [Worker-46: Building] WARN  o.e.m.c.i.embedder.EclipseLogger - Using platform encoding (Cp1252 actually) to copy filtered resources, i.e. build is platform dependent!
2023-12-11 15:36:58,070 [Worker-46: Building] INFO  o.e.m.c.i.embedder.EclipseLogger - skip non existing resourceDirectory C:\Users\Admin\Documents\LuanSu\CNTT\HK5\Web\Project\back-up\Web_My_Pham\Selling\src\main\resources
2023-12-11 15:36:58,073 [Worker-46: Building] WARN  o.e.m.c.i.embedder.EclipseLogger - Using platform encoding (Cp1252 actually) to copy filtered resources, i.e. build is platform dependent!
2023-12-11 15:36:58,076 [Worker-46: Building] INFO  o.e.m.c.i.embedder.EclipseLogger - skip non existing resourceDirectory C:\Users\Admin\Documents\LuanSu\CNTT\HK5\Web\Project\back-up\Web_My_Pham\Selling\src\test\resources
2023-12-11 15:37:13,426 [Worker-45: Building] WARN  o.e.m.c.i.embedder.EclipseLogger - Using platform encoding (Cp1252 actually) to copy filtered resources, i.e. build is platform dependent!
2023-12-11 15:37:13,428 [Worker-45: Building] INFO  o.e.m.c.i.embedder.EclipseLogger - skip non existing resourceDirectory C:\Users\Admin\Documents\LuanSu\CNTT\HK5\Web\Project\back-up\Web_My_Pham\Selling\src\main\resources
2023-12-11 15:37:13,429 [Worker-45: Building] WARN  o.e.m.c.i.embedder.EclipseLogger - Using platform encoding (Cp1252 actually) to copy filtered resources, i.e. build is platform dependent!
2023-12-11 15:37:13,430 [Worker-45: Building] INFO  o.e.m.c.i.embedder.EclipseLogger - skip non existing resourceDirectory C:\Users\Admin\Documents\LuanSu\CNTT\HK5\Web\Project\back-up\Web_My_Pham\Selling\src\test\resources
2023-12-11 15:37:14,518 [Worker-41: Building] WARN  o.e.m.c.i.embedder.EclipseLogger - Using platform encoding (Cp1252 actually) to copy filtered resources, i.e. build is platform dependent!
2023-12-11 15:37:14,520 [Worker-41: Building] INFO  o.e.m.c.i.embedder.EclipseLogger - skip non existing resourceDirectory C:\Users\Admin\Documents\LuanSu\CNTT\HK5\Web\Project\back-up\Web_My_Pham\Selling\src\main\resources
2023-12-11 15:37:14,521 [Worker-41: Building] WARN  o.e.m.c.i.embedder.EclipseLogger - Using platform encoding (Cp1252 actually) to copy filtered resources, i.e. build is platform dependent!
2023-12-11 15:37:14,522 [Worker-41: Building] INFO  o.e.m.c.i.embedder.EclipseLogger - skip non existing resourceDirectory C:\Users\Admin\Documents\LuanSu\CNTT\HK5\Web\Project\back-up\Web_My_Pham\Selling\src\test\resources
2023-12-11 15:37:27,129 [Worker-45: Building] WARN  o.e.m.c.i.embedder.EclipseLogger - Using platform encoding (Cp1252 actually) to copy filtered resources, i.e. build is platform dependent!
2023-12-11 15:37:27,131 [Worker-45: Building] INFO  o.e.m.c.i.embedder.EclipseLogger - skip non existing resourceDirectory C:\Users\Admin\Documents\LuanSu\CNTT\HK5\Web\Project\back-up\Web_My_Pham\Selling\src\main\resources
2023-12-11 15:37:27,134 [Worker-45: Building] WARN  o.e.m.c.i.embedder.EclipseLogger - Using platform encoding (Cp1252 actually) to copy filtered resources, i.e. build is platform dependent!
2023-12-11 15:37:27,135 [Worker-45: Building] INFO  o.e.m.c.i.embedder.EclipseLogger - skip non existing resourceDirectory C:\Users\Admin\Documents\LuanSu\CNTT\HK5\Web\Project\back-up\Web_My_Pham\Selling\src\test\resources
2023-12-11 15:37:44,099 [Worker-46: Building] WARN  o.e.m.c.i.embedder.EclipseLogger - Using platform encoding (Cp1252 actually) to copy filtered resources, i.e. build is platform dependent!
2023-12-11 15:37:44,100 [Worker-46: Building] INFO  o.e.m.c.i.embedder.EclipseLogger - skip non existing resourceDirectory C:\Users\Admin\Documents\LuanSu\CNTT\HK5\Web\Project\back-up\Web_My_Pham\Selling\src\main\resources
2023-12-11 15:37:44,101 [Worker-46: Building] WARN  o.e.m.c.i.embedder.EclipseLogger - Using platform encoding (Cp1252 actually) to copy filtered resources, i.e. build is platform dependent!
2023-12-11 15:37:44,103 [Worker-46: Building] INFO  o.e.m.c.i.embedder.EclipseLogger - skip non existing resourceDirectory C:\Users\Admin\Documents\LuanSu\CNTT\HK5\Web\Project\back-up\Web_My_Pham\Selling\src\test\resources
2023-12-11 15:38:06,201 [Worker-41: Building] WARN  o.e.m.c.i.embedder.EclipseLogger - Using platform encoding (Cp1252 actually) to copy filtered resources, i.e. build is platform dependent!
2023-12-11 15:38:06,202 [Worker-41: Building] INFO  o.e.m.c.i.embedder.EclipseLogger - skip non existing resourceDirectory C:\Users\Admin\Documents\LuanSu\CNTT\HK5\Web\Project\back-up\Web_My_Pham\Selling\src\main\resources
2023-12-11 15:38:06,203 [Worker-41: Building] WARN  o.e.m.c.i.embedder.EclipseLogger - Using platform encoding (Cp1252 actually) to copy filtered resources, i.e. build is platform dependent!
2023-12-11 15:38:06,204 [Worker-41: Building] INFO  o.e.m.c.i.embedder.EclipseLogger - skip non existing resourceDirectory C:\Users\Admin\Documents\LuanSu\CNTT\HK5\Web\Project\back-up\Web_My_Pham\Selling\src\test\resources
2023-12-11 15:39:55,921 [Worker-46: Building] WARN  o.e.m.c.i.embedder.EclipseLogger - Using platform encoding (Cp1252 actually) to copy filtered resources, i.e. build is platform dependent!
2023-12-11 15:39:55,924 [Worker-46: Building] INFO  o.e.m.c.i.embedder.EclipseLogger - skip non existing resourceDirectory C:\Users\Admin\Documents\LuanSu\CNTT\HK5\Web\Project\back-up\Web_My_Pham\Selling\src\main\resources
2023-12-11 15:39:55,927 [Worker-46: Building] WARN  o.e.m.c.i.embedder.EclipseLogger - Using platform encoding (Cp1252 actually) to copy filtered resources, i.e. build is platform dependent!
2023-12-11 15:39:55,929 [Worker-46: Building] INFO  o.e.m.c.i.embedder.EclipseLogger - skip non existing resourceDirectory C:\Users\Admin\Documents\LuanSu\CNTT\HK5\Web\Project\back-up\Web_My_Pham\Selling\src\test\resources
2023-12-11 15:40:21,104 [Worker-41: Building] WARN  o.e.m.c.i.embedder.EclipseLogger - Using platform encoding (Cp1252 actually) to copy filtered resources, i.e. build is platform dependent!
2023-12-11 15:40:21,106 [Worker-41: Building] INFO  o.e.m.c.i.embedder.EclipseLogger - skip non existing resourceDirectory C:\Users\Admin\Documents\LuanSu\CNTT\HK5\Web\Project\back-up\Web_My_Pham\Selling\src\main\resources
2023-12-11 15:40:21,107 [Worker-41: Building] WARN  o.e.m.c.i.embedder.EclipseLogger - Using platform encoding (Cp1252 actually) to copy filtered resources, i.e. build is platform dependent!
2023-12-11 15:40:21,109 [Worker-41: Building] INFO  o.e.m.c.i.embedder.EclipseLogger - skip non existing resourceDirectory C:\Users\Admin\Documents\LuanSu\CNTT\HK5\Web\Project\back-up\Web_My_Pham\Selling\src\test\resources
2023-12-11 15:40:46,599 [Worker-44: Building] WARN  o.e.m.c.i.embedder.EclipseLogger - Using platform encoding (Cp1252 actually) to copy filtered resources, i.e. build is platform dependent!
2023-12-11 15:40:46,600 [Worker-44: Building] INFO  o.e.m.c.i.embedder.EclipseLogger - skip non existing resourceDirectory C:\Users\Admin\Documents\LuanSu\CNTT\HK5\Web\Project\back-up\Web_My_Pham\Selling\src\main\resources
2023-12-11 15:40:46,601 [Worker-44: Building] WARN  o.e.m.c.i.embedder.EclipseLogger - Using platform encoding (Cp1252 actually) to copy filtered resources, i.e. build is platform dependent!
2023-12-11 15:40:46,602 [Worker-44: Building] INFO  o.e.m.c.i.embedder.EclipseLogger - skip non existing resourceDirectory C:\Users\Admin\Documents\LuanSu\CNTT\HK5\Web\Project\back-up\Web_My_Pham\Selling\src\test\resources
2023-12-11 15:40:51,805 [Worker-43: Building] WARN  o.e.m.c.i.embedder.EclipseLogger - Using platform encoding (Cp1252 actually) to copy filtered resources, i.e. build is platform dependent!
2023-12-11 15:40:51,807 [Worker-43: Building] INFO  o.e.m.c.i.embedder.EclipseLogger - skip non existing resourceDirectory C:\Users\Admin\Documents\LuanSu\CNTT\HK5\Web\Project\back-up\Web_My_Pham\Selling\src\main\resources
2023-12-11 15:40:51,808 [Worker-43: Building] WARN  o.e.m.c.i.embedder.EclipseLogger - Using platform encoding (Cp1252 actually) to copy filtered resources, i.e. build is platform dependent!
2023-12-11 15:40:51,810 [Worker-43: Building] INFO  o.e.m.c.i.embedder.EclipseLogger - skip non existing resourceDirectory C:\Users\Admin\Documents\LuanSu\CNTT\HK5\Web\Project\back-up\Web_My_Pham\Selling\src\test\resources
2023-12-11 15:40:55,609 [Worker-43: Building] WARN  o.e.m.c.i.embedder.EclipseLogger - Using platform encoding (Cp1252 actually) to copy filtered resources, i.e. build is platform dependent!
2023-12-11 15:40:55,610 [Worker-43: Building] INFO  o.e.m.c.i.embedder.EclipseLogger - skip non existing resourceDirectory C:\Users\Admin\Documents\LuanSu\CNTT\HK5\Web\Project\back-up\Web_My_Pham\Selling\src\main\resources
2023-12-11 15:40:55,611 [Worker-43: Building] WARN  o.e.m.c.i.embedder.EclipseLogger - Using platform encoding (Cp1252 actually) to copy filtered resources, i.e. build is platform dependent!
2023-12-11 15:40:55,612 [Worker-43: Building] INFO  o.e.m.c.i.embedder.EclipseLogger - skip non existing resourceDirectory C:\Users\Admin\Documents\LuanSu\CNTT\HK5\Web\Project\back-up\Web_My_Pham\Selling\src\test\resources
2023-12-11 15:40:58,059 [Worker-43: Building] WARN  o.e.m.c.i.embedder.EclipseLogger - Using platform encoding (Cp1252 actually) to copy filtered resources, i.e. build is platform dependent!
2023-12-11 15:40:58,060 [Worker-43: Building] INFO  o.e.m.c.i.embedder.EclipseLogger - skip non existing resourceDirectory C:\Users\Admin\Documents\LuanSu\CNTT\HK5\Web\Project\back-up\Web_My_Pham\Selling\src\main\resources
2023-12-11 15:40:58,061 [Worker-43: Building] WARN  o.e.m.c.i.embedder.EclipseLogger - Using platform encoding (Cp1252 actually) to copy filtered resources, i.e. build is platform dependent!
2023-12-11 15:40:58,062 [Worker-43: Building] INFO  o.e.m.c.i.embedder.EclipseLogger - skip non existing resourceDirectory C:\Users\Admin\Documents\LuanSu\CNTT\HK5\Web\Project\back-up\Web_My_Pham\Selling\src\test\resources
2023-12-11 15:41:00,475 [Worker-43: Building] WARN  o.e.m.c.i.embedder.EclipseLogger - Using platform encoding (Cp1252 actually) to copy filtered resources, i.e. build is platform dependent!
2023-12-11 15:41:00,477 [Worker-43: Building] INFO  o.e.m.c.i.embedder.EclipseLogger - skip non existing resourceDirectory C:\Users\Admin\Documents\LuanSu\CNTT\HK5\Web\Project\back-up\Web_My_Pham\Selling\src\main\resources
2023-12-11 15:41:00,478 [Worker-43: Building] WARN  o.e.m.c.i.embedder.EclipseLogger - Using platform encoding (Cp1252 actually) to copy filtered resources, i.e. build is platform dependent!
2023-12-11 15:41:00,480 [Worker-43: Building] INFO  o.e.m.c.i.embedder.EclipseLogger - skip non existing resourceDirectory C:\Users\Admin\Documents\LuanSu\CNTT\HK5\Web\Project\back-up\Web_My_Pham\Selling\src\test\resources
2023-12-11 15:41:42,025 [Worker-41: Building] WARN  o.e.m.c.i.embedder.EclipseLogger - Using platform encoding (Cp1252 actually) to copy filtered resources, i.e. build is platform dependent!
2023-12-11 15:41:42,027 [Worker-41: Building] INFO  o.e.m.c.i.embedder.EclipseLogger - skip non existing resourceDirectory C:\Users\Admin\Documents\LuanSu\CNTT\HK5\Web\Project\back-up\Web_My_Pham\Selling\src\main\resources
2023-12-11 15:41:42,028 [Worker-41: Building] WARN  o.e.m.c.i.embedder.EclipseLogger - Using platform encoding (Cp1252 actually) to copy filtered resources, i.e. build is platform dependent!
2023-12-11 15:41:42,030 [Worker-41: Building] INFO  o.e.m.c.i.embedder.EclipseLogger - skip non existing resourceDirectory C:\Users\Admin\Documents\LuanSu\CNTT\HK5\Web\Project\back-up\Web_My_Pham\Selling\src\test\resources
2023-12-11 15:41:46,157 [Worker-45: Building] WARN  o.e.m.c.i.embedder.EclipseLogger - Using platform encoding (Cp1252 actually) to copy filtered resources, i.e. build is platform dependent!
2023-12-11 15:41:46,158 [Worker-45: Building] INFO  o.e.m.c.i.embedder.EclipseLogger - skip non existing resourceDirectory C:\Users\Admin\Documents\LuanSu\CNTT\HK5\Web\Project\back-up\Web_My_Pham\Selling\src\main\resources
2023-12-11 15:41:46,159 [Worker-45: Building] WARN  o.e.m.c.i.embedder.EclipseLogger - Using platform encoding (Cp1252 actually) to copy filtered resources, i.e. build is platform dependent!
2023-12-11 15:41:46,160 [Worker-45: Building] INFO  o.e.m.c.i.embedder.EclipseLogger - skip non existing resourceDirectory C:\Users\Admin\Documents\LuanSu\CNTT\HK5\Web\Project\back-up\Web_My_Pham\Selling\src\test\resources
2023-12-11 15:41:59,110 [Worker-41: Building] WARN  o.e.m.c.i.embedder.EclipseLogger - Using platform encoding (Cp1252 actually) to copy filtered resources, i.e. build is platform dependent!
2023-12-11 15:41:59,112 [Worker-41: Building] INFO  o.e.m.c.i.embedder.EclipseLogger - skip non existing resourceDirectory C:\Users\Admin\Documents\LuanSu\CNTT\HK5\Web\Project\back-up\Web_My_Pham\Selling\src\main\resources
2023-12-11 15:41:59,113 [Worker-41: Building] WARN  o.e.m.c.i.embedder.EclipseLogger - Using platform encoding (Cp1252 actually) to copy filtered resources, i.e. build is platform dependent!
2023-12-11 15:41:59,115 [Worker-41: Building] INFO  o.e.m.c.i.embedder.EclipseLogger - skip non existing resourceDirectory C:\Users\Admin\Documents\LuanSu\CNTT\HK5\Web\Project\back-up\Web_My_Pham\Selling\src\test\resources
2023-12-11 15:44:20,281 [Worker-39: Building] WARN  o.e.m.c.i.embedder.EclipseLogger - Using platform encoding (Cp1252 actually) to copy filtered resources, i.e. build is platform dependent!
2023-12-11 15:44:20,283 [Worker-39: Building] INFO  o.e.m.c.i.embedder.EclipseLogger - skip non existing resourceDirectory C:\Users\Admin\Documents\LuanSu\CNTT\HK5\Web\Project\back-up\Web_My_Pham\Selling\src\main\resources
2023-12-11 15:44:20,284 [Worker-39: Building] WARN  o.e.m.c.i.embedder.EclipseLogger - Using platform encoding (Cp1252 actually) to copy filtered resources, i.e. build is platform dependent!
2023-12-11 15:44:20,286 [Worker-39: Building] INFO  o.e.m.c.i.embedder.EclipseLogger - skip non existing resourceDirectory C:\Users\Admin\Documents\LuanSu\CNTT\HK5\Web\Project\back-up\Web_My_Pham\Selling\src\test\resources
2023-12-11 15:48:03,098 [Worker-45: Building] WARN  o.e.m.c.i.embedder.EclipseLogger - Using platform encoding (Cp1252 actually) to copy filtered resources, i.e. build is platform dependent!
2023-12-11 15:48:03,099 [Worker-45: Building] INFO  o.e.m.c.i.embedder.EclipseLogger - skip non existing resourceDirectory C:\Users\Admin\Documents\LuanSu\CNTT\HK5\Web\Project\back-up\Web_My_Pham\Selling\src\main\resources
2023-12-11 15:48:03,101 [Worker-45: Building] WARN  o.e.m.c.i.embedder.EclipseLogger - Using platform encoding (Cp1252 actually) to copy filtered resources, i.e. build is platform dependent!
2023-12-11 15:48:03,101 [Worker-45: Building] INFO  o.e.m.c.i.embedder.EclipseLogger - skip non existing resourceDirectory C:\Users\Admin\Documents\LuanSu\CNTT\HK5\Web\Project\back-up\Web_My_Pham\Selling\src\test\resources
2023-12-11 15:48:11,699 [Worker-39: Building] WARN  o.e.m.c.i.embedder.EclipseLogger - Using platform encoding (Cp1252 actually) to copy filtered resources, i.e. build is platform dependent!
2023-12-11 15:48:11,701 [Worker-39: Building] INFO  o.e.m.c.i.embedder.EclipseLogger - skip non existing resourceDirectory C:\Users\Admin\Documents\LuanSu\CNTT\HK5\Web\Project\back-up\Web_My_Pham\Selling\src\main\resources
2023-12-11 15:48:11,702 [Worker-39: Building] WARN  o.e.m.c.i.embedder.EclipseLogger - Using platform encoding (Cp1252 actually) to copy filtered resources, i.e. build is platform dependent!
2023-12-11 15:48:11,703 [Worker-39: Building] INFO  o.e.m.c.i.embedder.EclipseLogger - skip non existing resourceDirectory C:\Users\Admin\Documents\LuanSu\CNTT\HK5\Web\Project\back-up\Web_My_Pham\Selling\src\test\resources
2023-12-11 15:48:33,065 [Worker-46: Building] WARN  o.e.m.c.i.embedder.EclipseLogger - Using platform encoding (Cp1252 actually) to copy filtered resources, i.e. build is platform dependent!
2023-12-11 15:48:33,067 [Worker-46: Building] INFO  o.e.m.c.i.embedder.EclipseLogger - skip non existing resourceDirectory C:\Users\Admin\Documents\LuanSu\CNTT\HK5\Web\Project\back-up\Web_My_Pham\Selling\src\main\resources
2023-12-11 15:48:33,069 [Worker-46: Building] WARN  o.e.m.c.i.embedder.EclipseLogger - Using platform encoding (Cp1252 actually) to copy filtered resources, i.e. build is platform dependent!
2023-12-11 15:48:33,071 [Worker-46: Building] INFO  o.e.m.c.i.embedder.EclipseLogger - skip non existing resourceDirectory C:\Users\Admin\Documents\LuanSu\CNTT\HK5\Web\Project\back-up\Web_My_Pham\Selling\src\test\resources
2023-12-11 15:53:54,787 [Worker-44: Building] WARN  o.e.m.c.i.embedder.EclipseLogger - Using platform encoding (Cp1252 actually) to copy filtered resources, i.e. build is platform dependent!
2023-12-11 15:53:54,788 [Worker-44: Building] INFO  o.e.m.c.i.embedder.EclipseLogger - skip non existing resourceDirectory C:\Users\Admin\Documents\LuanSu\CNTT\HK5\Web\Project\back-up\Web_My_Pham\Selling\src\main\resources
2023-12-11 15:53:54,790 [Worker-44: Building] WARN  o.e.m.c.i.embedder.EclipseLogger - Using platform encoding (Cp1252 actually) to copy filtered resources, i.e. build is platform dependent!
2023-12-11 15:53:54,791 [Worker-44: Building] INFO  o.e.m.c.i.embedder.EclipseLogger - skip non existing resourceDirectory C:\Users\Admin\Documents\LuanSu\CNTT\HK5\Web\Project\back-up\Web_My_Pham\Selling\src\test\resources
2023-12-11 15:54:41,562 [Worker-45: Building] WARN  o.e.m.c.i.embedder.EclipseLogger - Using platform encoding (Cp1252 actually) to copy filtered resources, i.e. build is platform dependent!
2023-12-11 15:54:41,565 [Worker-45: Building] INFO  o.e.m.c.i.embedder.EclipseLogger - skip non existing resourceDirectory C:\Users\Admin\Documents\LuanSu\CNTT\HK5\Web\Project\back-up\Web_My_Pham\Selling\src\main\resources
2023-12-11 15:54:41,567 [Worker-45: Building] WARN  o.e.m.c.i.embedder.EclipseLogger - Using platform encoding (Cp1252 actually) to copy filtered resources, i.e. build is platform dependent!
2023-12-11 15:54:41,569 [Worker-45: Building] INFO  o.e.m.c.i.embedder.EclipseLogger - skip non existing resourceDirectory C:\Users\Admin\Documents\LuanSu\CNTT\HK5\Web\Project\back-up\Web_My_Pham\Selling\src\test\resources
2023-12-11 15:54:57,088 [Worker-46: Building] WARN  o.e.m.c.i.embedder.EclipseLogger - Using platform encoding (Cp1252 actually) to copy filtered resources, i.e. build is platform dependent!
2023-12-11 15:54:57,089 [Worker-46: Building] INFO  o.e.m.c.i.embedder.EclipseLogger - skip non existing resourceDirectory C:\Users\Admin\Documents\LuanSu\CNTT\HK5\Web\Project\back-up\Web_My_Pham\Selling\src\main\resources
2023-12-11 15:54:57,092 [Worker-46: Building] WARN  o.e.m.c.i.embedder.EclipseLogger - Using platform encoding (Cp1252 actually) to copy filtered resources, i.e. build is platform dependent!
2023-12-11 15:54:57,096 [Worker-46: Building] INFO  o.e.m.c.i.embedder.EclipseLogger - skip non existing resourceDirectory C:\Users\Admin\Documents\LuanSu\CNTT\HK5\Web\Project\back-up\Web_My_Pham\Selling\src\test\resources
2023-12-11 15:55:22,933 [Worker-46: Building] WARN  o.e.m.c.i.embedder.EclipseLogger - Using platform encoding (Cp1252 actually) to copy filtered resources, i.e. build is platform dependent!
2023-12-11 15:55:22,935 [Worker-46: Building] INFO  o.e.m.c.i.embedder.EclipseLogger - skip non existing resourceDirectory C:\Users\Admin\Documents\LuanSu\CNTT\HK5\Web\Project\back-up\Web_My_Pham\Selling\src\main\resources
2023-12-11 15:55:22,937 [Worker-46: Building] WARN  o.e.m.c.i.embedder.EclipseLogger - Using platform encoding (Cp1252 actually) to copy filtered resources, i.e. build is platform dependent!
2023-12-11 15:55:22,939 [Worker-46: Building] INFO  o.e.m.c.i.embedder.EclipseLogger - skip non existing resourceDirectory C:\Users\Admin\Documents\LuanSu\CNTT\HK5\Web\Project\back-up\Web_My_Pham\Selling\src\test\resources
2023-12-11 15:55:56,728 [Worker-44: Building] WARN  o.e.m.c.i.embedder.EclipseLogger - Using platform encoding (Cp1252 actually) to copy filtered resources, i.e. build is platform dependent!
2023-12-11 15:55:56,730 [Worker-44: Building] INFO  o.e.m.c.i.embedder.EclipseLogger - skip non existing resourceDirectory C:\Users\Admin\Documents\LuanSu\CNTT\HK5\Web\Project\back-up\Web_My_Pham\Selling\src\main\resources
2023-12-11 15:55:56,731 [Worker-44: Building] WARN  o.e.m.c.i.embedder.EclipseLogger - Using platform encoding (Cp1252 actually) to copy filtered resources, i.e. build is platform dependent!
2023-12-11 15:55:56,733 [Worker-44: Building] INFO  o.e.m.c.i.embedder.EclipseLogger - skip non existing resourceDirectory C:\Users\Admin\Documents\LuanSu\CNTT\HK5\Web\Project\back-up\Web_My_Pham\Selling\src\test\resources
2023-12-11 15:57:14,788 [Worker-46: Building] WARN  o.e.m.c.i.embedder.EclipseLogger - Using platform encoding (Cp1252 actually) to copy filtered resources, i.e. build is platform dependent!
2023-12-11 15:57:14,790 [Worker-46: Building] INFO  o.e.m.c.i.embedder.EclipseLogger - skip non existing resourceDirectory C:\Users\Admin\Documents\LuanSu\CNTT\HK5\Web\Project\back-up\Web_My_Pham\Selling\src\main\resources
2023-12-11 15:57:14,792 [Worker-46: Building] WARN  o.e.m.c.i.embedder.EclipseLogger - Using platform encoding (Cp1252 actually) to copy filtered resources, i.e. build is platform dependent!
2023-12-11 15:57:14,793 [Worker-46: Building] INFO  o.e.m.c.i.embedder.EclipseLogger - skip non existing resourceDirectory C:\Users\Admin\Documents\LuanSu\CNTT\HK5\Web\Project\back-up\Web_My_Pham\Selling\src\test\resources
2023-12-11 15:57:32,343 [Worker-44: Building] WARN  o.e.m.c.i.embedder.EclipseLogger - Using platform encoding (Cp1252 actually) to copy filtered resources, i.e. build is platform dependent!
2023-12-11 15:57:32,345 [Worker-44: Building] INFO  o.e.m.c.i.embedder.EclipseLogger - skip non existing resourceDirectory C:\Users\Admin\Documents\LuanSu\CNTT\HK5\Web\Project\back-up\Web_My_Pham\Selling\src\main\resources
2023-12-11 15:57:32,348 [Worker-44: Building] WARN  o.e.m.c.i.embedder.EclipseLogger - Using platform encoding (Cp1252 actually) to copy filtered resources, i.e. build is platform dependent!
2023-12-11 15:57:32,351 [Worker-44: Building] INFO  o.e.m.c.i.embedder.EclipseLogger - skip non existing resourceDirectory C:\Users\Admin\Documents\LuanSu\CNTT\HK5\Web\Project\back-up\Web_My_Pham\Selling\src\test\resources
2023-12-11 15:57:39,753 [Worker-44: Building] WARN  o.e.m.c.i.embedder.EclipseLogger - Using platform encoding (Cp1252 actually) to copy filtered resources, i.e. build is platform dependent!
2023-12-11 15:57:39,755 [Worker-44: Building] INFO  o.e.m.c.i.embedder.EclipseLogger - skip non existing resourceDirectory C:\Users\Admin\Documents\LuanSu\CNTT\HK5\Web\Project\back-up\Web_My_Pham\Selling\src\main\resources
2023-12-11 15:57:39,756 [Worker-44: Building] WARN  o.e.m.c.i.embedder.EclipseLogger - Using platform encoding (Cp1252 actually) to copy filtered resources, i.e. build is platform dependent!
2023-12-11 15:57:39,759 [Worker-44: Building] INFO  o.e.m.c.i.embedder.EclipseLogger - skip non existing resourceDirectory C:\Users\Admin\Documents\LuanSu\CNTT\HK5\Web\Project\back-up\Web_My_Pham\Selling\src\test\resources
2023-12-11 15:57:54,455 [Worker-44: Building] WARN  o.e.m.c.i.embedder.EclipseLogger - Using platform encoding (Cp1252 actually) to copy filtered resources, i.e. build is platform dependent!
2023-12-11 15:57:54,457 [Worker-44: Building] INFO  o.e.m.c.i.embedder.EclipseLogger - skip non existing resourceDirectory C:\Users\Admin\Documents\LuanSu\CNTT\HK5\Web\Project\back-up\Web_My_Pham\Selling\src\main\resources
2023-12-11 15:57:54,458 [Worker-44: Building] WARN  o.e.m.c.i.embedder.EclipseLogger - Using platform encoding (Cp1252 actually) to copy filtered resources, i.e. build is platform dependent!
2023-12-11 15:57:54,460 [Worker-44: Building] INFO  o.e.m.c.i.embedder.EclipseLogger - skip non existing resourceDirectory C:\Users\Admin\Documents\LuanSu\CNTT\HK5\Web\Project\back-up\Web_My_Pham\Selling\src\test\resources
2023-12-11 16:02:32,619 [Worker-47: Building] WARN  o.e.m.c.i.embedder.EclipseLogger - Using platform encoding (Cp1252 actually) to copy filtered resources, i.e. build is platform dependent!
2023-12-11 16:02:32,622 [Worker-47: Building] INFO  o.e.m.c.i.embedder.EclipseLogger - skip non existing resourceDirectory C:\Users\Admin\Documents\LuanSu\CNTT\HK5\Web\Project\back-up\Web_My_Pham\Selling\src\main\resources
2023-12-11 16:02:32,624 [Worker-47: Building] WARN  o.e.m.c.i.embedder.EclipseLogger - Using platform encoding (Cp1252 actually) to copy filtered resources, i.e. build is platform dependent!
2023-12-11 16:02:32,626 [Worker-47: Building] INFO  o.e.m.c.i.embedder.EclipseLogger - skip non existing resourceDirectory C:\Users\Admin\Documents\LuanSu\CNTT\HK5\Web\Project\back-up\Web_My_Pham\Selling\src\test\resources
2023-12-11 16:02:40,369 [Worker-49: Building] WARN  o.e.m.c.i.embedder.EclipseLogger - Using platform encoding (Cp1252 actually) to copy filtered resources, i.e. build is platform dependent!
2023-12-11 16:02:40,370 [Worker-49: Building] INFO  o.e.m.c.i.embedder.EclipseLogger - skip non existing resourceDirectory C:\Users\Admin\Documents\LuanSu\CNTT\HK5\Web\Project\back-up\Web_My_Pham\Selling\src\main\resources
2023-12-11 16:02:40,371 [Worker-49: Building] WARN  o.e.m.c.i.embedder.EclipseLogger - Using platform encoding (Cp1252 actually) to copy filtered resources, i.e. build is platform dependent!
2023-12-11 16:02:40,372 [Worker-49: Building] INFO  o.e.m.c.i.embedder.EclipseLogger - skip non existing resourceDirectory C:\Users\Admin\Documents\LuanSu\CNTT\HK5\Web\Project\back-up\Web_My_Pham\Selling\src\test\resources
2023-12-11 16:04:19,901 [Worker-49: Building] WARN  o.e.m.c.i.embedder.EclipseLogger - Using platform encoding (Cp1252 actually) to copy filtered resources, i.e. build is platform dependent!
2023-12-11 16:04:19,903 [Worker-49: Building] INFO  o.e.m.c.i.embedder.EclipseLogger - skip non existing resourceDirectory C:\Users\Admin\Documents\LuanSu\CNTT\HK5\Web\Project\back-up\Web_My_Pham\Selling\src\main\resources
2023-12-11 16:04:19,904 [Worker-49: Building] WARN  o.e.m.c.i.embedder.EclipseLogger - Using platform encoding (Cp1252 actually) to copy filtered resources, i.e. build is platform dependent!
2023-12-11 16:04:19,905 [Worker-49: Building] INFO  o.e.m.c.i.embedder.EclipseLogger - skip non existing resourceDirectory C:\Users\Admin\Documents\LuanSu\CNTT\HK5\Web\Project\back-up\Web_My_Pham\Selling\src\test\resources
2023-12-11 16:04:35,097 [Worker-53: Building] WARN  o.e.m.c.i.embedder.EclipseLogger - Using platform encoding (Cp1252 actually) to copy filtered resources, i.e. build is platform dependent!
2023-12-11 16:04:35,100 [Worker-53: Building] INFO  o.e.m.c.i.embedder.EclipseLogger - skip non existing resourceDirectory C:\Users\Admin\Documents\LuanSu\CNTT\HK5\Web\Project\back-up\Web_My_Pham\Selling\src\main\resources
2023-12-11 16:04:35,102 [Worker-53: Building] WARN  o.e.m.c.i.embedder.EclipseLogger - Using platform encoding (Cp1252 actually) to copy filtered resources, i.e. build is platform dependent!
2023-12-11 16:04:35,105 [Worker-53: Building] INFO  o.e.m.c.i.embedder.EclipseLogger - skip non existing resourceDirectory C:\Users\Admin\Documents\LuanSu\CNTT\HK5\Web\Project\back-up\Web_My_Pham\Selling\src\test\resources
2023-12-11 16:04:40,388 [Worker-48: Building] WARN  o.e.m.c.i.embedder.EclipseLogger - Using platform encoding (Cp1252 actually) to copy filtered resources, i.e. build is platform dependent!
2023-12-11 16:04:40,390 [Worker-48: Building] INFO  o.e.m.c.i.embedder.EclipseLogger - skip non existing resourceDirectory C:\Users\Admin\Documents\LuanSu\CNTT\HK5\Web\Project\back-up\Web_My_Pham\Selling\src\main\resources
2023-12-11 16:04:40,391 [Worker-48: Building] WARN  o.e.m.c.i.embedder.EclipseLogger - Using platform encoding (Cp1252 actually) to copy filtered resources, i.e. build is platform dependent!
2023-12-11 16:04:40,393 [Worker-48: Building] INFO  o.e.m.c.i.embedder.EclipseLogger - skip non existing resourceDirectory C:\Users\Admin\Documents\LuanSu\CNTT\HK5\Web\Project\back-up\Web_My_Pham\Selling\src\test\resources
2023-12-11 16:05:35,061 [Worker-54: Building] WARN  o.e.m.c.i.embedder.EclipseLogger - Using platform encoding (Cp1252 actually) to copy filtered resources, i.e. build is platform dependent!
2023-12-11 16:05:35,063 [Worker-54: Building] INFO  o.e.m.c.i.embedder.EclipseLogger - skip non existing resourceDirectory C:\Users\Admin\Documents\LuanSu\CNTT\HK5\Web\Project\back-up\Web_My_Pham\Selling\src\main\resources
2023-12-11 16:05:35,064 [Worker-54: Building] WARN  o.e.m.c.i.embedder.EclipseLogger - Using platform encoding (Cp1252 actually) to copy filtered resources, i.e. build is platform dependent!
2023-12-11 16:05:35,065 [Worker-54: Building] INFO  o.e.m.c.i.embedder.EclipseLogger - skip non existing resourceDirectory C:\Users\Admin\Documents\LuanSu\CNTT\HK5\Web\Project\back-up\Web_My_Pham\Selling\src\test\resources
2023-12-11 16:05:55,834 [Worker-54: Building] WARN  o.e.m.c.i.embedder.EclipseLogger - Using platform encoding (Cp1252 actually) to copy filtered resources, i.e. build is platform dependent!
2023-12-11 16:05:55,836 [Worker-54: Building] INFO  o.e.m.c.i.embedder.EclipseLogger - skip non existing resourceDirectory C:\Users\Admin\Documents\LuanSu\CNTT\HK5\Web\Project\back-up\Web_My_Pham\Selling\src\main\resources
2023-12-11 16:05:55,837 [Worker-54: Building] WARN  o.e.m.c.i.embedder.EclipseLogger - Using platform encoding (Cp1252 actually) to copy filtered resources, i.e. build is platform dependent!
2023-12-11 16:05:55,839 [Worker-54: Building] INFO  o.e.m.c.i.embedder.EclipseLogger - skip non existing resourceDirectory C:\Users\Admin\Documents\LuanSu\CNTT\HK5\Web\Project\back-up\Web_My_Pham\Selling\src\test\resources
2023-12-11 16:07:14,297 [Worker-55: Building] WARN  o.e.m.c.i.embedder.EclipseLogger - Using platform encoding (Cp1252 actually) to copy filtered resources, i.e. build is platform dependent!
2023-12-11 16:07:14,298 [Worker-55: Building] INFO  o.e.m.c.i.embedder.EclipseLogger - skip non existing resourceDirectory C:\Users\Admin\Documents\LuanSu\CNTT\HK5\Web\Project\back-up\Web_My_Pham\Selling\src\main\resources
2023-12-11 16:07:14,299 [Worker-55: Building] WARN  o.e.m.c.i.embedder.EclipseLogger - Using platform encoding (Cp1252 actually) to copy filtered resources, i.e. build is platform dependent!
2023-12-11 16:07:14,300 [Worker-55: Building] INFO  o.e.m.c.i.embedder.EclipseLogger - skip non existing resourceDirectory C:\Users\Admin\Documents\LuanSu\CNTT\HK5\Web\Project\back-up\Web_My_Pham\Selling\src\test\resources
2023-12-11 16:07:56,922 [Worker-48: Building] WARN  o.e.m.c.i.embedder.EclipseLogger - Using platform encoding (Cp1252 actually) to copy filtered resources, i.e. build is platform dependent!
2023-12-11 16:07:56,924 [Worker-48: Building] INFO  o.e.m.c.i.embedder.EclipseLogger - skip non existing resourceDirectory C:\Users\Admin\Documents\LuanSu\CNTT\HK5\Web\Project\back-up\Web_My_Pham\Selling\src\main\resources
2023-12-11 16:07:56,925 [Worker-48: Building] WARN  o.e.m.c.i.embedder.EclipseLogger - Using platform encoding (Cp1252 actually) to copy filtered resources, i.e. build is platform dependent!
2023-12-11 16:07:56,926 [Worker-48: Building] INFO  o.e.m.c.i.embedder.EclipseLogger - skip non existing resourceDirectory C:\Users\Admin\Documents\LuanSu\CNTT\HK5\Web\Project\back-up\Web_My_Pham\Selling\src\test\resources
2023-12-11 16:08:06,953 [Worker-57: Building] WARN  o.e.m.c.i.embedder.EclipseLogger - Using platform encoding (Cp1252 actually) to copy filtered resources, i.e. build is platform dependent!
2023-12-11 16:08:06,954 [Worker-57: Building] INFO  o.e.m.c.i.embedder.EclipseLogger - skip non existing resourceDirectory C:\Users\Admin\Documents\LuanSu\CNTT\HK5\Web\Project\back-up\Web_My_Pham\Selling\src\main\resources
2023-12-11 16:08:06,956 [Worker-57: Building] WARN  o.e.m.c.i.embedder.EclipseLogger - Using platform encoding (Cp1252 actually) to copy filtered resources, i.e. build is platform dependent!
2023-12-11 16:08:06,957 [Worker-57: Building] INFO  o.e.m.c.i.embedder.EclipseLogger - skip non existing resourceDirectory C:\Users\Admin\Documents\LuanSu\CNTT\HK5\Web\Project\back-up\Web_My_Pham\Selling\src\test\resources
2023-12-11 16:08:16,599 [Worker-54: Building] WARN  o.e.m.c.i.embedder.EclipseLogger - Using platform encoding (Cp1252 actually) to copy filtered resources, i.e. build is platform dependent!
2023-12-11 16:08:16,601 [Worker-54: Building] INFO  o.e.m.c.i.embedder.EclipseLogger - skip non existing resourceDirectory C:\Users\Admin\Documents\LuanSu\CNTT\HK5\Web\Project\back-up\Web_My_Pham\Selling\src\main\resources
2023-12-11 16:08:16,602 [Worker-54: Building] WARN  o.e.m.c.i.embedder.EclipseLogger - Using platform encoding (Cp1252 actually) to copy filtered resources, i.e. build is platform dependent!
2023-12-11 16:08:16,604 [Worker-54: Building] INFO  o.e.m.c.i.embedder.EclipseLogger - skip non existing resourceDirectory C:\Users\Admin\Documents\LuanSu\CNTT\HK5\Web\Project\back-up\Web_My_Pham\Selling\src\test\resources
2023-12-11 16:09:13,755 [Worker-54: Building] WARN  o.e.m.c.i.embedder.EclipseLogger - Using platform encoding (Cp1252 actually) to copy filtered resources, i.e. build is platform dependent!
2023-12-11 16:09:13,758 [Worker-54: Building] INFO  o.e.m.c.i.embedder.EclipseLogger - skip non existing resourceDirectory C:\Users\Admin\Documents\LuanSu\CNTT\HK5\Web\Project\back-up\Web_My_Pham\Selling\src\main\resources
2023-12-11 16:09:13,760 [Worker-54: Building] WARN  o.e.m.c.i.embedder.EclipseLogger - Using platform encoding (Cp1252 actually) to copy filtered resources, i.e. build is platform dependent!
2023-12-11 16:09:13,765 [Worker-54: Building] INFO  o.e.m.c.i.embedder.EclipseLogger - skip non existing resourceDirectory C:\Users\Admin\Documents\LuanSu\CNTT\HK5\Web\Project\back-up\Web_My_Pham\Selling\src\test\resources
2023-12-11 16:09:37,255 [Worker-50: Building] WARN  o.e.m.c.i.embedder.EclipseLogger - Using platform encoding (Cp1252 actually) to copy filtered resources, i.e. build is platform dependent!
2023-12-11 16:09:37,257 [Worker-50: Building] INFO  o.e.m.c.i.embedder.EclipseLogger - skip non existing resourceDirectory C:\Users\Admin\Documents\LuanSu\CNTT\HK5\Web\Project\back-up\Web_My_Pham\Selling\src\main\resources
2023-12-11 16:09:37,258 [Worker-50: Building] WARN  o.e.m.c.i.embedder.EclipseLogger - Using platform encoding (Cp1252 actually) to copy filtered resources, i.e. build is platform dependent!
2023-12-11 16:09:37,259 [Worker-50: Building] INFO  o.e.m.c.i.embedder.EclipseLogger - skip non existing resourceDirectory C:\Users\Admin\Documents\LuanSu\CNTT\HK5\Web\Project\back-up\Web_My_Pham\Selling\src\test\resources
2023-12-11 16:10:10,871 [Worker-55: Building] WARN  o.e.m.c.i.embedder.EclipseLogger - Using platform encoding (Cp1252 actually) to copy filtered resources, i.e. build is platform dependent!
2023-12-11 16:10:10,872 [Worker-55: Building] INFO  o.e.m.c.i.embedder.EclipseLogger - skip non existing resourceDirectory C:\Users\Admin\Documents\LuanSu\CNTT\HK5\Web\Project\back-up\Web_My_Pham\Selling\src\main\resources
2023-12-11 16:10:10,873 [Worker-55: Building] WARN  o.e.m.c.i.embedder.EclipseLogger - Using platform encoding (Cp1252 actually) to copy filtered resources, i.e. build is platform dependent!
2023-12-11 16:10:10,874 [Worker-55: Building] INFO  o.e.m.c.i.embedder.EclipseLogger - skip non existing resourceDirectory C:\Users\Admin\Documents\LuanSu\CNTT\HK5\Web\Project\back-up\Web_My_Pham\Selling\src\test\resources
2023-12-11 16:12:17,823 [Worker-58: Building] WARN  o.e.m.c.i.embedder.EclipseLogger - Using platform encoding (Cp1252 actually) to copy filtered resources, i.e. build is platform dependent!
2023-12-11 16:12:17,825 [Worker-58: Building] INFO  o.e.m.c.i.embedder.EclipseLogger - skip non existing resourceDirectory C:\Users\Admin\Documents\LuanSu\CNTT\HK5\Web\Project\back-up\Web_My_Pham\Selling\src\main\resources
2023-12-11 16:12:17,826 [Worker-58: Building] WARN  o.e.m.c.i.embedder.EclipseLogger - Using platform encoding (Cp1252 actually) to copy filtered resources, i.e. build is platform dependent!
2023-12-11 16:12:17,828 [Worker-58: Building] INFO  o.e.m.c.i.embedder.EclipseLogger - skip non existing resourceDirectory C:\Users\Admin\Documents\LuanSu\CNTT\HK5\Web\Project\back-up\Web_My_Pham\Selling\src\test\resources
2023-12-11 16:12:19,876 [Worker-59: Building] WARN  o.e.m.c.i.embedder.EclipseLogger - Using platform encoding (Cp1252 actually) to copy filtered resources, i.e. build is platform dependent!
2023-12-11 16:12:19,878 [Worker-59: Building] INFO  o.e.m.c.i.embedder.EclipseLogger - skip non existing resourceDirectory C:\Users\Admin\Documents\LuanSu\CNTT\HK5\Web\Project\back-up\Web_My_Pham\Selling\src\main\resources
2023-12-11 16:12:19,879 [Worker-59: Building] WARN  o.e.m.c.i.embedder.EclipseLogger - Using platform encoding (Cp1252 actually) to copy filtered resources, i.e. build is platform dependent!
2023-12-11 16:12:19,883 [Worker-59: Building] INFO  o.e.m.c.i.embedder.EclipseLogger - skip non existing resourceDirectory C:\Users\Admin\Documents\LuanSu\CNTT\HK5\Web\Project\back-up\Web_My_Pham\Selling\src\test\resources
2023-12-11 16:12:33,461 [Worker-57: Building] WARN  o.e.m.c.i.embedder.EclipseLogger - Using platform encoding (Cp1252 actually) to copy filtered resources, i.e. build is platform dependent!
2023-12-11 16:12:33,480 [Worker-57: Building] INFO  o.e.m.c.i.embedder.EclipseLogger - skip non existing resourceDirectory C:\Users\Admin\Documents\LuanSu\CNTT\HK5\Web\Project\back-up\Web_My_Pham\Selling\src\main\resources
2023-12-11 16:12:33,483 [Worker-57: Building] WARN  o.e.m.c.i.embedder.EclipseLogger - Using platform encoding (Cp1252 actually) to copy filtered resources, i.e. build is platform dependent!
2023-12-11 16:12:33,485 [Worker-57: Building] INFO  o.e.m.c.i.embedder.EclipseLogger - skip non existing resourceDirectory C:\Users\Admin\Documents\LuanSu\CNTT\HK5\Web\Project\back-up\Web_My_Pham\Selling\src\test\resources
2023-12-11 16:12:54,637 [Worker-56: Building] WARN  o.e.m.c.i.embedder.EclipseLogger - Using platform encoding (Cp1252 actually) to copy filtered resources, i.e. build is platform dependent!
2023-12-11 16:12:54,639 [Worker-56: Building] INFO  o.e.m.c.i.embedder.EclipseLogger - skip non existing resourceDirectory C:\Users\Admin\Documents\LuanSu\CNTT\HK5\Web\Project\back-up\Web_My_Pham\Selling\src\main\resources
2023-12-11 16:12:54,640 [Worker-56: Building] WARN  o.e.m.c.i.embedder.EclipseLogger - Using platform encoding (Cp1252 actually) to copy filtered resources, i.e. build is platform dependent!
2023-12-11 16:12:54,642 [Worker-56: Building] INFO  o.e.m.c.i.embedder.EclipseLogger - skip non existing resourceDirectory C:\Users\Admin\Documents\LuanSu\CNTT\HK5\Web\Project\back-up\Web_My_Pham\Selling\src\test\resources
2023-12-11 16:13:19,718 [Worker-56: Building] WARN  o.e.m.c.i.embedder.EclipseLogger - Using platform encoding (Cp1252 actually) to copy filtered resources, i.e. build is platform dependent!
2023-12-11 16:13:19,721 [Worker-56: Building] INFO  o.e.m.c.i.embedder.EclipseLogger - skip non existing resourceDirectory C:\Users\Admin\Documents\LuanSu\CNTT\HK5\Web\Project\back-up\Web_My_Pham\Selling\src\main\resources
2023-12-11 16:13:19,722 [Worker-56: Building] WARN  o.e.m.c.i.embedder.EclipseLogger - Using platform encoding (Cp1252 actually) to copy filtered resources, i.e. build is platform dependent!
2023-12-11 16:13:19,725 [Worker-56: Building] INFO  o.e.m.c.i.embedder.EclipseLogger - skip non existing resourceDirectory C:\Users\Admin\Documents\LuanSu\CNTT\HK5\Web\Project\back-up\Web_My_Pham\Selling\src\test\resources
2023-12-11 16:13:22,864 [Worker-50: Building] WARN  o.e.m.c.i.embedder.EclipseLogger - Using platform encoding (Cp1252 actually) to copy filtered resources, i.e. build is platform dependent!
2023-12-11 16:13:22,864 [Worker-50: Building] INFO  o.e.m.c.i.embedder.EclipseLogger - skip non existing resourceDirectory C:\Users\Admin\Documents\LuanSu\CNTT\HK5\Web\Project\back-up\Web_My_Pham\Selling\src\main\resources
2023-12-11 16:13:22,865 [Worker-50: Building] WARN  o.e.m.c.i.embedder.EclipseLogger - Using platform encoding (Cp1252 actually) to copy filtered resources, i.e. build is platform dependent!
2023-12-11 16:13:22,866 [Worker-50: Building] INFO  o.e.m.c.i.embedder.EclipseLogger - skip non existing resourceDirectory C:\Users\Admin\Documents\LuanSu\CNTT\HK5\Web\Project\back-up\Web_My_Pham\Selling\src\test\resources
2023-12-11 16:14:16,204 [Worker-59: Building] WARN  o.e.m.c.i.embedder.EclipseLogger - Using platform encoding (Cp1252 actually) to copy filtered resources, i.e. build is platform dependent!
2023-12-11 16:14:16,205 [Worker-59: Building] INFO  o.e.m.c.i.embedder.EclipseLogger - skip non existing resourceDirectory C:\Users\Admin\Documents\LuanSu\CNTT\HK5\Web\Project\back-up\Web_My_Pham\Selling\src\main\resources
2023-12-11 16:14:16,207 [Worker-59: Building] WARN  o.e.m.c.i.embedder.EclipseLogger - Using platform encoding (Cp1252 actually) to copy filtered resources, i.e. build is platform dependent!
2023-12-11 16:14:16,208 [Worker-59: Building] INFO  o.e.m.c.i.embedder.EclipseLogger - skip non existing resourceDirectory C:\Users\Admin\Documents\LuanSu\CNTT\HK5\Web\Project\back-up\Web_My_Pham\Selling\src\test\resources
2023-12-11 16:14:36,959 [Worker-48: Building] WARN  o.e.m.c.i.embedder.EclipseLogger - Using platform encoding (Cp1252 actually) to copy filtered resources, i.e. build is platform dependent!
2023-12-11 16:14:36,960 [Worker-48: Building] INFO  o.e.m.c.i.embedder.EclipseLogger - skip non existing resourceDirectory C:\Users\Admin\Documents\LuanSu\CNTT\HK5\Web\Project\back-up\Web_My_Pham\Selling\src\main\resources
2023-12-11 16:14:36,961 [Worker-48: Building] WARN  o.e.m.c.i.embedder.EclipseLogger - Using platform encoding (Cp1252 actually) to copy filtered resources, i.e. build is platform dependent!
2023-12-11 16:14:36,962 [Worker-48: Building] INFO  o.e.m.c.i.embedder.EclipseLogger - skip non existing resourceDirectory C:\Users\Admin\Documents\LuanSu\CNTT\HK5\Web\Project\back-up\Web_My_Pham\Selling\src\test\resources
2023-12-11 16:18:31,938 [Worker-59: Building] WARN  o.e.m.c.i.embedder.EclipseLogger - Using platform encoding (Cp1252 actually) to copy filtered resources, i.e. build is platform dependent!
2023-12-11 16:18:31,942 [Worker-59: Building] INFO  o.e.m.c.i.embedder.EclipseLogger - skip non existing resourceDirectory C:\Users\Admin\Documents\LuanSu\CNTT\HK5\Web\Project\back-up\Web_My_Pham\Selling\src\main\resources
2023-12-11 16:18:31,944 [Worker-59: Building] WARN  o.e.m.c.i.embedder.EclipseLogger - Using platform encoding (Cp1252 actually) to copy filtered resources, i.e. build is platform dependent!
2023-12-11 16:18:31,947 [Worker-59: Building] INFO  o.e.m.c.i.embedder.EclipseLogger - skip non existing resourceDirectory C:\Users\Admin\Documents\LuanSu\CNTT\HK5\Web\Project\back-up\Web_My_Pham\Selling\src\test\resources
2023-12-11 16:19:58,638 [Worker-56: Building] WARN  o.e.m.c.i.embedder.EclipseLogger - Using platform encoding (Cp1252 actually) to copy filtered resources, i.e. build is platform dependent!
2023-12-11 16:19:58,640 [Worker-56: Building] INFO  o.e.m.c.i.embedder.EclipseLogger - skip non existing resourceDirectory C:\Users\Admin\Documents\LuanSu\CNTT\HK5\Web\Project\back-up\Web_My_Pham\Selling\src\main\resources
2023-12-11 16:19:58,641 [Worker-56: Building] WARN  o.e.m.c.i.embedder.EclipseLogger - Using platform encoding (Cp1252 actually) to copy filtered resources, i.e. build is platform dependent!
2023-12-11 16:19:58,644 [Worker-56: Building] INFO  o.e.m.c.i.embedder.EclipseLogger - skip non existing resourceDirectory C:\Users\Admin\Documents\LuanSu\CNTT\HK5\Web\Project\back-up\Web_My_Pham\Selling\src\test\resources
2023-12-11 16:20:04,132 [Worker-62: Building] WARN  o.e.m.c.i.embedder.EclipseLogger - Using platform encoding (Cp1252 actually) to copy filtered resources, i.e. build is platform dependent!
2023-12-11 16:20:04,134 [Worker-62: Building] INFO  o.e.m.c.i.embedder.EclipseLogger - skip non existing resourceDirectory C:\Users\Admin\Documents\LuanSu\CNTT\HK5\Web\Project\back-up\Web_My_Pham\Selling\src\main\resources
2023-12-11 16:20:04,137 [Worker-62: Building] WARN  o.e.m.c.i.embedder.EclipseLogger - Using platform encoding (Cp1252 actually) to copy filtered resources, i.e. build is platform dependent!
2023-12-11 16:20:04,140 [Worker-62: Building] INFO  o.e.m.c.i.embedder.EclipseLogger - skip non existing resourceDirectory C:\Users\Admin\Documents\LuanSu\CNTT\HK5\Web\Project\back-up\Web_My_Pham\Selling\src\test\resources
2023-12-11 16:21:01,728 [Worker-56: Building] WARN  o.e.m.c.i.embedder.EclipseLogger - Using platform encoding (Cp1252 actually) to copy filtered resources, i.e. build is platform dependent!
2023-12-11 16:21:01,730 [Worker-56: Building] INFO  o.e.m.c.i.embedder.EclipseLogger - skip non existing resourceDirectory C:\Users\Admin\Documents\LuanSu\CNTT\HK5\Web\Project\back-up\Web_My_Pham\Selling\src\main\resources
2023-12-11 16:21:01,730 [Worker-56: Building] WARN  o.e.m.c.i.embedder.EclipseLogger - Using platform encoding (Cp1252 actually) to copy filtered resources, i.e. build is platform dependent!
2023-12-11 16:21:01,731 [Worker-56: Building] INFO  o.e.m.c.i.embedder.EclipseLogger - skip non existing resourceDirectory C:\Users\Admin\Documents\LuanSu\CNTT\HK5\Web\Project\back-up\Web_My_Pham\Selling\src\test\resources
2023-12-11 16:22:42,849 [Worker-61: Building] WARN  o.e.m.c.i.embedder.EclipseLogger - Using platform encoding (Cp1252 actually) to copy filtered resources, i.e. build is platform dependent!
2023-12-11 16:22:42,852 [Worker-61: Building] INFO  o.e.m.c.i.embedder.EclipseLogger - skip non existing resourceDirectory C:\Users\Admin\Documents\LuanSu\CNTT\HK5\Web\Project\back-up\Web_My_Pham\Selling\src\main\resources
2023-12-11 16:22:42,854 [Worker-61: Building] WARN  o.e.m.c.i.embedder.EclipseLogger - Using platform encoding (Cp1252 actually) to copy filtered resources, i.e. build is platform dependent!
2023-12-11 16:22:42,855 [Worker-61: Building] INFO  o.e.m.c.i.embedder.EclipseLogger - skip non existing resourceDirectory C:\Users\Admin\Documents\LuanSu\CNTT\HK5\Web\Project\back-up\Web_My_Pham\Selling\src\test\resources
2023-12-11 16:23:17,886 [Worker-57: Building] WARN  o.e.m.c.i.embedder.EclipseLogger - Using platform encoding (Cp1252 actually) to copy filtered resources, i.e. build is platform dependent!
2023-12-11 16:23:17,887 [Worker-57: Building] INFO  o.e.m.c.i.embedder.EclipseLogger - skip non existing resourceDirectory C:\Users\Admin\Documents\LuanSu\CNTT\HK5\Web\Project\back-up\Web_My_Pham\Selling\src\main\resources
2023-12-11 16:23:17,889 [Worker-57: Building] WARN  o.e.m.c.i.embedder.EclipseLogger - Using platform encoding (Cp1252 actually) to copy filtered resources, i.e. build is platform dependent!
2023-12-11 16:23:17,891 [Worker-57: Building] INFO  o.e.m.c.i.embedder.EclipseLogger - skip non existing resourceDirectory C:\Users\Admin\Documents\LuanSu\CNTT\HK5\Web\Project\back-up\Web_My_Pham\Selling\src\test\resources
2023-12-11 16:23:42,309 [Worker-56: Building] WARN  o.e.m.c.i.embedder.EclipseLogger - Using platform encoding (Cp1252 actually) to copy filtered resources, i.e. build is platform dependent!
2023-12-11 16:23:42,310 [Worker-56: Building] INFO  o.e.m.c.i.embedder.EclipseLogger - skip non existing resourceDirectory C:\Users\Admin\Documents\LuanSu\CNTT\HK5\Web\Project\back-up\Web_My_Pham\Selling\src\main\resources
2023-12-11 16:23:42,311 [Worker-56: Building] WARN  o.e.m.c.i.embedder.EclipseLogger - Using platform encoding (Cp1252 actually) to copy filtered resources, i.e. build is platform dependent!
2023-12-11 16:23:42,313 [Worker-56: Building] INFO  o.e.m.c.i.embedder.EclipseLogger - skip non existing resourceDirectory C:\Users\Admin\Documents\LuanSu\CNTT\HK5\Web\Project\back-up\Web_My_Pham\Selling\src\test\resources
2023-12-11 16:24:47,684 [Worker-63: Building] WARN  o.e.m.c.i.embedder.EclipseLogger - Using platform encoding (Cp1252 actually) to copy filtered resources, i.e. build is platform dependent!
2023-12-11 16:24:47,686 [Worker-63: Building] INFO  o.e.m.c.i.embedder.EclipseLogger - skip non existing resourceDirectory C:\Users\Admin\Documents\LuanSu\CNTT\HK5\Web\Project\back-up\Web_My_Pham\Selling\src\main\resources
2023-12-11 16:24:47,688 [Worker-63: Building] WARN  o.e.m.c.i.embedder.EclipseLogger - Using platform encoding (Cp1252 actually) to copy filtered resources, i.e. build is platform dependent!
2023-12-11 16:24:47,690 [Worker-63: Building] INFO  o.e.m.c.i.embedder.EclipseLogger - skip non existing resourceDirectory C:\Users\Admin\Documents\LuanSu\CNTT\HK5\Web\Project\back-up\Web_My_Pham\Selling\src\test\resources
2023-12-11 16:26:12,125 [Worker-62: Building] WARN  o.e.m.c.i.embedder.EclipseLogger - Using platform encoding (Cp1252 actually) to copy filtered resources, i.e. build is platform dependent!
2023-12-11 16:26:12,127 [Worker-62: Building] INFO  o.e.m.c.i.embedder.EclipseLogger - skip non existing resourceDirectory C:\Users\Admin\Documents\LuanSu\CNTT\HK5\Web\Project\back-up\Web_My_Pham\Selling\src\main\resources
2023-12-11 16:26:12,128 [Worker-62: Building] WARN  o.e.m.c.i.embedder.EclipseLogger - Using platform encoding (Cp1252 actually) to copy filtered resources, i.e. build is platform dependent!
2023-12-11 16:26:12,131 [Worker-62: Building] INFO  o.e.m.c.i.embedder.EclipseLogger - skip non existing resourceDirectory C:\Users\Admin\Documents\LuanSu\CNTT\HK5\Web\Project\back-up\Web_My_Pham\Selling\src\test\resources
2023-12-11 16:26:19,604 [Worker-64: Building] WARN  o.e.m.c.i.embedder.EclipseLogger - Using platform encoding (Cp1252 actually) to copy filtered resources, i.e. build is platform dependent!
2023-12-11 16:26:19,606 [Worker-64: Building] INFO  o.e.m.c.i.embedder.EclipseLogger - skip non existing resourceDirectory C:\Users\Admin\Documents\LuanSu\CNTT\HK5\Web\Project\back-up\Web_My_Pham\Selling\src\main\resources
2023-12-11 16:26:19,609 [Worker-64: Building] WARN  o.e.m.c.i.embedder.EclipseLogger - Using platform encoding (Cp1252 actually) to copy filtered resources, i.e. build is platform dependent!
2023-12-11 16:26:19,612 [Worker-64: Building] INFO  o.e.m.c.i.embedder.EclipseLogger - skip non existing resourceDirectory C:\Users\Admin\Documents\LuanSu\CNTT\HK5\Web\Project\back-up\Web_My_Pham\Selling\src\test\resources
2023-12-11 16:27:54,426 [Worker-57: Building] WARN  o.e.m.c.i.embedder.EclipseLogger - Using platform encoding (Cp1252 actually) to copy filtered resources, i.e. build is platform dependent!
2023-12-11 16:27:54,428 [Worker-57: Building] INFO  o.e.m.c.i.embedder.EclipseLogger - skip non existing resourceDirectory C:\Users\Admin\Documents\LuanSu\CNTT\HK5\Web\Project\back-up\Web_My_Pham\Selling\src\main\resources
2023-12-11 16:27:54,429 [Worker-57: Building] WARN  o.e.m.c.i.embedder.EclipseLogger - Using platform encoding (Cp1252 actually) to copy filtered resources, i.e. build is platform dependent!
2023-12-11 16:27:54,431 [Worker-57: Building] INFO  o.e.m.c.i.embedder.EclipseLogger - skip non existing resourceDirectory C:\Users\Admin\Documents\LuanSu\CNTT\HK5\Web\Project\back-up\Web_My_Pham\Selling\src\test\resources
2023-12-11 16:29:15,619 [Worker-59: Building] WARN  o.e.m.c.i.embedder.EclipseLogger - Using platform encoding (Cp1252 actually) to copy filtered resources, i.e. build is platform dependent!
2023-12-11 16:29:15,620 [Worker-59: Building] INFO  o.e.m.c.i.embedder.EclipseLogger - skip non existing resourceDirectory C:\Users\Admin\Documents\LuanSu\CNTT\HK5\Web\Project\back-up\Web_My_Pham\Selling\src\main\resources
2023-12-11 16:29:15,621 [Worker-59: Building] WARN  o.e.m.c.i.embedder.EclipseLogger - Using platform encoding (Cp1252 actually) to copy filtered resources, i.e. build is platform dependent!
2023-12-11 16:29:15,622 [Worker-59: Building] INFO  o.e.m.c.i.embedder.EclipseLogger - skip non existing resourceDirectory C:\Users\Admin\Documents\LuanSu\CNTT\HK5\Web\Project\back-up\Web_My_Pham\Selling\src\test\resources
2023-12-11 16:29:22,016 [Worker-62: Building] WARN  o.e.m.c.i.embedder.EclipseLogger - Using platform encoding (Cp1252 actually) to copy filtered resources, i.e. build is platform dependent!
2023-12-11 16:29:22,017 [Worker-62: Building] INFO  o.e.m.c.i.embedder.EclipseLogger - skip non existing resourceDirectory C:\Users\Admin\Documents\LuanSu\CNTT\HK5\Web\Project\back-up\Web_My_Pham\Selling\src\main\resources
2023-12-11 16:29:22,018 [Worker-62: Building] WARN  o.e.m.c.i.embedder.EclipseLogger - Using platform encoding (Cp1252 actually) to copy filtered resources, i.e. build is platform dependent!
2023-12-11 16:29:22,019 [Worker-62: Building] INFO  o.e.m.c.i.embedder.EclipseLogger - skip non existing resourceDirectory C:\Users\Admin\Documents\LuanSu\CNTT\HK5\Web\Project\back-up\Web_My_Pham\Selling\src\test\resources
2023-12-11 16:30:00,939 [Worker-59: Building] WARN  o.e.m.c.i.embedder.EclipseLogger - Using platform encoding (Cp1252 actually) to copy filtered resources, i.e. build is platform dependent!
2023-12-11 16:30:00,940 [Worker-59: Building] INFO  o.e.m.c.i.embedder.EclipseLogger - skip non existing resourceDirectory C:\Users\Admin\Documents\LuanSu\CNTT\HK5\Web\Project\back-up\Web_My_Pham\Selling\src\main\resources
2023-12-11 16:30:00,941 [Worker-59: Building] WARN  o.e.m.c.i.embedder.EclipseLogger - Using platform encoding (Cp1252 actually) to copy filtered resources, i.e. build is platform dependent!
2023-12-11 16:30:00,942 [Worker-59: Building] INFO  o.e.m.c.i.embedder.EclipseLogger - skip non existing resourceDirectory C:\Users\Admin\Documents\LuanSu\CNTT\HK5\Web\Project\back-up\Web_My_Pham\Selling\src\test\resources
2023-12-11 16:30:08,630 [Worker-61: Building] WARN  o.e.m.c.i.embedder.EclipseLogger - Using platform encoding (Cp1252 actually) to copy filtered resources, i.e. build is platform dependent!
2023-12-11 16:30:08,631 [Worker-61: Building] INFO  o.e.m.c.i.embedder.EclipseLogger - skip non existing resourceDirectory C:\Users\Admin\Documents\LuanSu\CNTT\HK5\Web\Project\back-up\Web_My_Pham\Selling\src\main\resources
2023-12-11 16:30:08,632 [Worker-61: Building] WARN  o.e.m.c.i.embedder.EclipseLogger - Using platform encoding (Cp1252 actually) to copy filtered resources, i.e. build is platform dependent!
2023-12-11 16:30:08,633 [Worker-61: Building] INFO  o.e.m.c.i.embedder.EclipseLogger - skip non existing resourceDirectory C:\Users\Admin\Documents\LuanSu\CNTT\HK5\Web\Project\back-up\Web_My_Pham\Selling\src\test\resources
2023-12-11 16:30:27,016 [Worker-57: Building] WARN  o.e.m.c.i.embedder.EclipseLogger - Using platform encoding (Cp1252 actually) to copy filtered resources, i.e. build is platform dependent!
2023-12-11 16:30:27,017 [Worker-57: Building] INFO  o.e.m.c.i.embedder.EclipseLogger - skip non existing resourceDirectory C:\Users\Admin\Documents\LuanSu\CNTT\HK5\Web\Project\back-up\Web_My_Pham\Selling\src\main\resources
2023-12-11 16:30:27,017 [Worker-57: Building] WARN  o.e.m.c.i.embedder.EclipseLogger - Using platform encoding (Cp1252 actually) to copy filtered resources, i.e. build is platform dependent!
2023-12-11 16:30:27,019 [Worker-57: Building] INFO  o.e.m.c.i.embedder.EclipseLogger - skip non existing resourceDirectory C:\Users\Admin\Documents\LuanSu\CNTT\HK5\Web\Project\back-up\Web_My_Pham\Selling\src\test\resources
2023-12-11 16:30:29,039 [Worker-61: Building] WARN  o.e.m.c.i.embedder.EclipseLogger - Using platform encoding (Cp1252 actually) to copy filtered resources, i.e. build is platform dependent!
2023-12-11 16:30:29,040 [Worker-61: Building] INFO  o.e.m.c.i.embedder.EclipseLogger - skip non existing resourceDirectory C:\Users\Admin\Documents\LuanSu\CNTT\HK5\Web\Project\back-up\Web_My_Pham\Selling\src\main\resources
2023-12-11 16:30:29,041 [Worker-61: Building] WARN  o.e.m.c.i.embedder.EclipseLogger - Using platform encoding (Cp1252 actually) to copy filtered resources, i.e. build is platform dependent!
2023-12-11 16:30:29,042 [Worker-61: Building] INFO  o.e.m.c.i.embedder.EclipseLogger - skip non existing resourceDirectory C:\Users\Admin\Documents\LuanSu\CNTT\HK5\Web\Project\back-up\Web_My_Pham\Selling\src\test\resources
2023-12-11 16:30:51,597 [Worker-62: Building] WARN  o.e.m.c.i.embedder.EclipseLogger - Using platform encoding (Cp1252 actually) to copy filtered resources, i.e. build is platform dependent!
2023-12-11 16:30:51,599 [Worker-62: Building] INFO  o.e.m.c.i.embedder.EclipseLogger - skip non existing resourceDirectory C:\Users\Admin\Documents\LuanSu\CNTT\HK5\Web\Project\back-up\Web_My_Pham\Selling\src\main\resources
2023-12-11 16:30:51,600 [Worker-62: Building] WARN  o.e.m.c.i.embedder.EclipseLogger - Using platform encoding (Cp1252 actually) to copy filtered resources, i.e. build is platform dependent!
2023-12-11 16:30:51,602 [Worker-62: Building] INFO  o.e.m.c.i.embedder.EclipseLogger - skip non existing resourceDirectory C:\Users\Admin\Documents\LuanSu\CNTT\HK5\Web\Project\back-up\Web_My_Pham\Selling\src\test\resources
2023-12-11 16:32:13,889 [Worker-59: Building] WARN  o.e.m.c.i.embedder.EclipseLogger - Using platform encoding (Cp1252 actually) to copy filtered resources, i.e. build is platform dependent!
2023-12-11 16:32:13,891 [Worker-59: Building] INFO  o.e.m.c.i.embedder.EclipseLogger - skip non existing resourceDirectory C:\Users\Admin\Documents\LuanSu\CNTT\HK5\Web\Project\back-up\Web_My_Pham\Selling\src\main\resources
2023-12-11 16:32:13,892 [Worker-59: Building] WARN  o.e.m.c.i.embedder.EclipseLogger - Using platform encoding (Cp1252 actually) to copy filtered resources, i.e. build is platform dependent!
2023-12-11 16:32:13,894 [Worker-59: Building] INFO  o.e.m.c.i.embedder.EclipseLogger - skip non existing resourceDirectory C:\Users\Admin\Documents\LuanSu\CNTT\HK5\Web\Project\back-up\Web_My_Pham\Selling\src\test\resources
2023-12-11 16:32:19,682 [Worker-66: Building] WARN  o.e.m.c.i.embedder.EclipseLogger - Using platform encoding (Cp1252 actually) to copy filtered resources, i.e. build is platform dependent!
2023-12-11 16:32:19,683 [Worker-66: Building] INFO  o.e.m.c.i.embedder.EclipseLogger - skip non existing resourceDirectory C:\Users\Admin\Documents\LuanSu\CNTT\HK5\Web\Project\back-up\Web_My_Pham\Selling\src\main\resources
2023-12-11 16:32:19,684 [Worker-66: Building] WARN  o.e.m.c.i.embedder.EclipseLogger - Using platform encoding (Cp1252 actually) to copy filtered resources, i.e. build is platform dependent!
2023-12-11 16:32:19,684 [Worker-66: Building] INFO  o.e.m.c.i.embedder.EclipseLogger - skip non existing resourceDirectory C:\Users\Admin\Documents\LuanSu\CNTT\HK5\Web\Project\back-up\Web_My_Pham\Selling\src\test\resources
2023-12-11 16:42:11,239 [Worker-68: Building] WARN  o.e.m.c.i.embedder.EclipseLogger - Using platform encoding (Cp1252 actually) to copy filtered resources, i.e. build is platform dependent!
2023-12-11 16:42:11,242 [Worker-68: Building] INFO  o.e.m.c.i.embedder.EclipseLogger - skip non existing resourceDirectory C:\Users\Admin\Documents\LuanSu\CNTT\HK5\Web\Project\back-up\Web_My_Pham\Selling\src\main\resources
2023-12-11 16:42:11,243 [Worker-68: Building] WARN  o.e.m.c.i.embedder.EclipseLogger - Using platform encoding (Cp1252 actually) to copy filtered resources, i.e. build is platform dependent!
2023-12-11 16:42:11,244 [Worker-68: Building] INFO  o.e.m.c.i.embedder.EclipseLogger - skip non existing resourceDirectory C:\Users\Admin\Documents\LuanSu\CNTT\HK5\Web\Project\back-up\Web_My_Pham\Selling\src\test\resources
2023-12-11 16:42:12,340 [Worker-59: Building] WARN  o.e.m.c.i.embedder.EclipseLogger - Using platform encoding (Cp1252 actually) to copy filtered resources, i.e. build is platform dependent!
2023-12-11 16:42:12,341 [Worker-59: Building] INFO  o.e.m.c.i.embedder.EclipseLogger - skip non existing resourceDirectory C:\Users\Admin\Documents\LuanSu\CNTT\HK5\Web\Project\back-up\Web_My_Pham\Selling\src\main\resources
2023-12-11 16:42:12,342 [Worker-59: Building] WARN  o.e.m.c.i.embedder.EclipseLogger - Using platform encoding (Cp1252 actually) to copy filtered resources, i.e. build is platform dependent!
2023-12-11 16:42:12,344 [Worker-59: Building] INFO  o.e.m.c.i.embedder.EclipseLogger - skip non existing resourceDirectory C:\Users\Admin\Documents\LuanSu\CNTT\HK5\Web\Project\back-up\Web_My_Pham\Selling\src\test\resources
2023-12-11 16:42:14,372 [Worker-68: Building] WARN  o.e.m.c.i.embedder.EclipseLogger - Using platform encoding (Cp1252 actually) to copy filtered resources, i.e. build is platform dependent!
2023-12-11 16:42:14,373 [Worker-68: Building] INFO  o.e.m.c.i.embedder.EclipseLogger - skip non existing resourceDirectory C:\Users\Admin\Documents\LuanSu\CNTT\HK5\Web\Project\back-up\Web_My_Pham\Selling\src\main\resources
2023-12-11 16:42:14,374 [Worker-68: Building] WARN  o.e.m.c.i.embedder.EclipseLogger - Using platform encoding (Cp1252 actually) to copy filtered resources, i.e. build is platform dependent!
2023-12-11 16:42:14,374 [Worker-68: Building] INFO  o.e.m.c.i.embedder.EclipseLogger - skip non existing resourceDirectory C:\Users\Admin\Documents\LuanSu\CNTT\HK5\Web\Project\back-up\Web_My_Pham\Selling\src\test\resources
2023-12-11 16:44:13,275 [Worker-57: Building] WARN  o.e.m.c.i.embedder.EclipseLogger - Using platform encoding (Cp1252 actually) to copy filtered resources, i.e. build is platform dependent!
2023-12-11 16:44:13,277 [Worker-57: Building] INFO  o.e.m.c.i.embedder.EclipseLogger - skip non existing resourceDirectory C:\Users\Admin\Documents\LuanSu\CNTT\HK5\Web\Project\back-up\Web_My_Pham\Selling\src\main\resources
2023-12-11 16:44:13,277 [Worker-57: Building] WARN  o.e.m.c.i.embedder.EclipseLogger - Using platform encoding (Cp1252 actually) to copy filtered resources, i.e. build is platform dependent!
2023-12-11 16:44:13,279 [Worker-57: Building] INFO  o.e.m.c.i.embedder.EclipseLogger - skip non existing resourceDirectory C:\Users\Admin\Documents\LuanSu\CNTT\HK5\Web\Project\back-up\Web_My_Pham\Selling\src\test\resources
2023-12-11 16:44:45,260 [Worker-71: Building] WARN  o.e.m.c.i.embedder.EclipseLogger - Using platform encoding (Cp1252 actually) to copy filtered resources, i.e. build is platform dependent!
2023-12-11 16:44:45,261 [Worker-71: Building] INFO  o.e.m.c.i.embedder.EclipseLogger - skip non existing resourceDirectory C:\Users\Admin\Documents\LuanSu\CNTT\HK5\Web\Project\back-up\Web_My_Pham\Selling\src\main\resources
2023-12-11 16:44:45,262 [Worker-71: Building] WARN  o.e.m.c.i.embedder.EclipseLogger - Using platform encoding (Cp1252 actually) to copy filtered resources, i.e. build is platform dependent!
2023-12-11 16:44:45,263 [Worker-71: Building] INFO  o.e.m.c.i.embedder.EclipseLogger - skip non existing resourceDirectory C:\Users\Admin\Documents\LuanSu\CNTT\HK5\Web\Project\back-up\Web_My_Pham\Selling\src\test\resources
2023-12-11 16:44:50,295 [Worker-57: Building] WARN  o.e.m.c.i.embedder.EclipseLogger - Using platform encoding (Cp1252 actually) to copy filtered resources, i.e. build is platform dependent!
2023-12-11 16:44:50,296 [Worker-57: Building] INFO  o.e.m.c.i.embedder.EclipseLogger - skip non existing resourceDirectory C:\Users\Admin\Documents\LuanSu\CNTT\HK5\Web\Project\back-up\Web_My_Pham\Selling\src\main\resources
2023-12-11 16:44:50,297 [Worker-57: Building] WARN  o.e.m.c.i.embedder.EclipseLogger - Using platform encoding (Cp1252 actually) to copy filtered resources, i.e. build is platform dependent!
2023-12-11 16:44:50,299 [Worker-57: Building] INFO  o.e.m.c.i.embedder.EclipseLogger - skip non existing resourceDirectory C:\Users\Admin\Documents\LuanSu\CNTT\HK5\Web\Project\back-up\Web_My_Pham\Selling\src\test\resources
2023-12-11 16:45:12,128 [Worker-74: Building] WARN  o.e.m.c.i.embedder.EclipseLogger - Using platform encoding (Cp1252 actually) to copy filtered resources, i.e. build is platform dependent!
2023-12-11 16:45:12,129 [Worker-74: Building] INFO  o.e.m.c.i.embedder.EclipseLogger - skip non existing resourceDirectory C:\Users\Admin\Documents\LuanSu\CNTT\HK5\Web\Project\back-up\Web_My_Pham\Selling\src\main\resources
2023-12-11 16:45:12,130 [Worker-74: Building] WARN  o.e.m.c.i.embedder.EclipseLogger - Using platform encoding (Cp1252 actually) to copy filtered resources, i.e. build is platform dependent!
2023-12-11 16:45:12,132 [Worker-74: Building] INFO  o.e.m.c.i.embedder.EclipseLogger - skip non existing resourceDirectory C:\Users\Admin\Documents\LuanSu\CNTT\HK5\Web\Project\back-up\Web_My_Pham\Selling\src\test\resources
2023-12-11 16:45:38,269 [Worker-57: Building] WARN  o.e.m.c.i.embedder.EclipseLogger - Using platform encoding (Cp1252 actually) to copy filtered resources, i.e. build is platform dependent!
2023-12-11 16:45:38,271 [Worker-57: Building] INFO  o.e.m.c.i.embedder.EclipseLogger - skip non existing resourceDirectory C:\Users\Admin\Documents\LuanSu\CNTT\HK5\Web\Project\back-up\Web_My_Pham\Selling\src\main\resources
2023-12-11 16:45:38,272 [Worker-57: Building] WARN  o.e.m.c.i.embedder.EclipseLogger - Using platform encoding (Cp1252 actually) to copy filtered resources, i.e. build is platform dependent!
2023-12-11 16:45:38,274 [Worker-57: Building] INFO  o.e.m.c.i.embedder.EclipseLogger - skip non existing resourceDirectory C:\Users\Admin\Documents\LuanSu\CNTT\HK5\Web\Project\back-up\Web_My_Pham\Selling\src\test\resources
2023-12-11 16:45:44,516 [Worker-74: Building] WARN  o.e.m.c.i.embedder.EclipseLogger - Using platform encoding (Cp1252 actually) to copy filtered resources, i.e. build is platform dependent!
2023-12-11 16:45:44,518 [Worker-74: Building] INFO  o.e.m.c.i.embedder.EclipseLogger - skip non existing resourceDirectory C:\Users\Admin\Documents\LuanSu\CNTT\HK5\Web\Project\back-up\Web_My_Pham\Selling\src\main\resources
2023-12-11 16:45:44,521 [Worker-74: Building] WARN  o.e.m.c.i.embedder.EclipseLogger - Using platform encoding (Cp1252 actually) to copy filtered resources, i.e. build is platform dependent!
2023-12-11 16:45:44,525 [Worker-74: Building] INFO  o.e.m.c.i.embedder.EclipseLogger - skip non existing resourceDirectory C:\Users\Admin\Documents\LuanSu\CNTT\HK5\Web\Project\back-up\Web_My_Pham\Selling\src\test\resources
2023-12-11 16:45:46,718 [Worker-73: Building] WARN  o.e.m.c.i.embedder.EclipseLogger - Using platform encoding (Cp1252 actually) to copy filtered resources, i.e. build is platform dependent!
2023-12-11 16:45:46,718 [Worker-73: Building] INFO  o.e.m.c.i.embedder.EclipseLogger - skip non existing resourceDirectory C:\Users\Admin\Documents\LuanSu\CNTT\HK5\Web\Project\back-up\Web_My_Pham\Selling\src\main\resources
2023-12-11 16:45:46,719 [Worker-73: Building] WARN  o.e.m.c.i.embedder.EclipseLogger - Using platform encoding (Cp1252 actually) to copy filtered resources, i.e. build is platform dependent!
2023-12-11 16:45:46,720 [Worker-73: Building] INFO  o.e.m.c.i.embedder.EclipseLogger - skip non existing resourceDirectory C:\Users\Admin\Documents\LuanSu\CNTT\HK5\Web\Project\back-up\Web_My_Pham\Selling\src\test\resources
2023-12-11 16:48:08,491 [Worker-74: Building] WARN  o.e.m.c.i.embedder.EclipseLogger - Using platform encoding (Cp1252 actually) to copy filtered resources, i.e. build is platform dependent!
2023-12-11 16:48:08,492 [Worker-74: Building] INFO  o.e.m.c.i.embedder.EclipseLogger - skip non existing resourceDirectory C:\Users\Admin\Documents\LuanSu\CNTT\HK5\Web\Project\back-up\Web_My_Pham\Selling\src\main\resources
2023-12-11 16:48:08,493 [Worker-74: Building] WARN  o.e.m.c.i.embedder.EclipseLogger - Using platform encoding (Cp1252 actually) to copy filtered resources, i.e. build is platform dependent!
2023-12-11 16:48:08,494 [Worker-74: Building] INFO  o.e.m.c.i.embedder.EclipseLogger - skip non existing resourceDirectory C:\Users\Admin\Documents\LuanSu\CNTT\HK5\Web\Project\back-up\Web_My_Pham\Selling\src\test\resources
2023-12-11 16:55:45,262 [Worker-82: Building] WARN  o.e.m.c.i.embedder.EclipseLogger - Using platform encoding (Cp1252 actually) to copy filtered resources, i.e. build is platform dependent!
2023-12-11 16:55:45,264 [Worker-82: Building] INFO  o.e.m.c.i.embedder.EclipseLogger - skip non existing resourceDirectory C:\Users\Admin\Documents\LuanSu\CNTT\HK5\Web\Project\back-up\Web_My_Pham\Selling\src\main\resources
2023-12-11 16:55:45,265 [Worker-82: Building] WARN  o.e.m.c.i.embedder.EclipseLogger - Using platform encoding (Cp1252 actually) to copy filtered resources, i.e. build is platform dependent!
2023-12-11 16:55:45,266 [Worker-82: Building] INFO  o.e.m.c.i.embedder.EclipseLogger - skip non existing resourceDirectory C:\Users\Admin\Documents\LuanSu\CNTT\HK5\Web\Project\back-up\Web_My_Pham\Selling\src\test\resources
2023-12-11 16:56:09,440 [Worker-84: Building] WARN  o.e.m.c.i.embedder.EclipseLogger - Using platform encoding (Cp1252 actually) to copy filtered resources, i.e. build is platform dependent!
2023-12-11 16:56:09,440 [Worker-84: Building] INFO  o.e.m.c.i.embedder.EclipseLogger - skip non existing resourceDirectory C:\Users\Admin\Documents\LuanSu\CNTT\HK5\Web\Project\back-up\Web_My_Pham\Selling\src\main\resources
2023-12-11 16:56:09,440 [Worker-84: Building] WARN  o.e.m.c.i.embedder.EclipseLogger - Using platform encoding (Cp1252 actually) to copy filtered resources, i.e. build is platform dependent!
2023-12-11 16:56:09,440 [Worker-84: Building] INFO  o.e.m.c.i.embedder.EclipseLogger - skip non existing resourceDirectory C:\Users\Admin\Documents\LuanSu\CNTT\HK5\Web\Project\back-up\Web_My_Pham\Selling\src\test\resources
